[2026-03-16 15:40:41Z INFO HostContext] No proxy settings were found based on environmental variables (http_proxy/https_proxy/HTTP_PROXY/HTTPS_PROXY)
[2026-03-16 15:40:41Z INFO HostContext] Well known directory 'Bin': 'I:\TuminhAgi\actions-runner\bin'
[2026-03-16 15:40:41Z INFO HostContext] Well known directory 'Root': 'I:\TuminhAgi\actions-runner'
[2026-03-16 15:40:41Z INFO HostContext] Well known config file 'Credentials': 'I:\TuminhAgi\actions-runner\.credentials'
[2026-03-16 15:40:41Z INFO HostContext] Well known directory 'Bin': 'I:\TuminhAgi\actions-runner\bin'
[2026-03-16 15:40:41Z INFO HostContext] Well known directory 'Root': 'I:\TuminhAgi\actions-runner'
[2026-03-16 15:40:41Z INFO HostContext] Well known config file 'Runner': 'I:\TuminhAgi\actions-runner\.runner'
[2026-03-16 15:40:41Z INFO Listener] Runner is built for Windows (X64) - win-x64.
[2026-03-16 15:40:41Z INFO Listener] RuntimeInformation: Microsoft Windows 10.0.19045.
[2026-03-16 15:40:41Z INFO Listener] Version: 2.314.1
[2026-03-16 15:40:41Z INFO Listener] Commit: 976290d966e6cc3e748a49bf8fdbe139ff764201
[2026-03-16 15:40:41Z INFO Listener] Culture: en-US
[2026-03-16 15:40:41Z INFO Listener] UI Culture: en-US
[2026-03-16 15:40:41Z INFO HostContext] Well known directory 'Bin': 'I:\TuminhAgi\actions-runner\bin'
[2026-03-16 15:40:41Z INFO HostContext] Well known directory 'Root': 'I:\TuminhAgi\actions-runner'
[2026-03-16 15:40:41Z INFO Listener] Validating directory permissions for: 'I:\TuminhAgi\actions-runner'
[2026-03-16 15:40:41Z INFO CommandLineParser] Parse
[2026-03-16 15:40:41Z INFO CommandLineParser] Parsing 5 args
[2026-03-16 15:40:41Z INFO CommandLineParser] parsing argument
[2026-03-16 15:40:41Z INFO CommandLineParser] HasArgs: False
[2026-03-16 15:40:41Z INFO CommandLineParser] Adding Command: configure
[2026-03-16 15:40:41Z INFO CommandLineParser] parsing argument
[2026-03-16 15:40:41Z INFO CommandLineParser] HasArgs: True
[2026-03-16 15:40:41Z INFO CommandLineParser] arg: url
[2026-03-16 15:40:41Z INFO CommandLineParser] parsing argument
[2026-03-16 15:40:41Z INFO CommandLineParser] HasArgs: True
[2026-03-16 15:40:41Z INFO CommandLineParser] Adding option 'url': 'https://github.com/AnonVertex123/TuminhAgi'
[2026-03-16 15:40:41Z INFO CommandLineParser] parsing argument
[2026-03-16 15:40:41Z INFO CommandLineParser] HasArgs: True
[2026-03-16 15:40:41Z INFO CommandLineParser] arg: token
[2026-03-16 15:40:41Z INFO CommandLineParser] parsing argument
[2026-03-16 15:40:41Z INFO CommandLineParser] HasArgs: True
[2026-03-16 15:40:41Z INFO CommandLineParser] Adding option 'token': '***'
[2026-03-16 15:40:41Z INFO Listener] Arguments parsed
[2026-03-16 15:40:41Z INFO Runner] ExecuteCommand
[2026-03-16 15:40:41Z INFO ConfigurationStore] currentAssemblyLocation: I:\TuminhAgi\actions-runner\bin\Runner.Listener.dll
[2026-03-16 15:40:41Z INFO HostContext] Well known directory 'Bin': 'I:\TuminhAgi\actions-runner\bin'
[2026-03-16 15:40:41Z INFO ConfigurationStore] binPath: I:\TuminhAgi\actions-runner\bin
[2026-03-16 15:40:41Z INFO HostContext] Well known directory 'Bin': 'I:\TuminhAgi\actions-runner\bin'
[2026-03-16 15:40:41Z INFO HostContext] Well known directory 'Root': 'I:\TuminhAgi\actions-runner'
[2026-03-16 15:40:41Z INFO ConfigurationStore] RootFolder: I:\TuminhAgi\actions-runner
[2026-03-16 15:40:41Z INFO HostContext] Well known directory 'Bin': 'I:\TuminhAgi\actions-runner\bin'
[2026-03-16 15:40:41Z INFO HostContext] Well known directory 'Root': 'I:\TuminhAgi\actions-runner'
[2026-03-16 15:40:41Z INFO HostContext] Well known config file 'Runner': 'I:\TuminhAgi\actions-runner\.runner'
[2026-03-16 15:40:41Z INFO ConfigurationStore] ConfigFilePath: I:\TuminhAgi\actions-runner\.runner
[2026-03-16 15:40:41Z INFO HostContext] Well known directory 'Bin': 'I:\TuminhAgi\actions-runner\bin'
[2026-03-16 15:40:41Z INFO HostContext] Well known directory 'Root': 'I:\TuminhAgi\actions-runner'
[2026-03-16 15:40:41Z INFO HostContext] Well known config file 'Credentials': 'I:\TuminhAgi\actions-runner\.credentials'
[2026-03-16 15:40:41Z INFO ConfigurationStore] CredFilePath: I:\TuminhAgi\actions-runner\.credentials
[2026-03-16 15:40:41Z INFO HostContext] Well known directory 'Bin': 'I:\TuminhAgi\actions-runner\bin'
[2026-03-16 15:40:41Z INFO HostContext] Well known directory 'Root': 'I:\TuminhAgi\actions-runner'
[2026-03-16 15:40:41Z INFO HostContext] Well known config file 'MigratedCredentials': 'I:\TuminhAgi\actions-runner\.credentials_migrated'
[2026-03-16 15:40:41Z INFO ConfigurationStore] MigratedCredFilePath: I:\TuminhAgi\actions-runner\.credentials_migrated
[2026-03-16 15:40:41Z INFO HostContext] Well known directory 'Bin': 'I:\TuminhAgi\actions-runner\bin'
[2026-03-16 15:40:41Z INFO HostContext] Well known directory 'Root': 'I:\TuminhAgi\actions-runner'
[2026-03-16 15:40:41Z INFO HostContext] Well known config file 'Service': 'I:\TuminhAgi\actions-runner\.service'
[2026-03-16 15:40:41Z INFO ConfigurationStore] ServiceConfigFilePath: I:\TuminhAgi\actions-runner\.service
[2026-03-16 15:40:41Z INFO CommandSettings] Flag 'help': 'False'
[2026-03-16 15:40:41Z INFO CommandSettings] Flag 'version': 'False'
[2026-03-16 15:40:41Z INFO CommandSettings] Flag 'commit': 'False'
[2026-03-16 15:40:41Z INFO CommandSettings] Flag 'check': 'False'
[2026-03-16 15:40:41Z INFO CommandSettings] Command 'configure': 'True'
[2026-03-16 15:40:41Z INFO Terminal] WRITE LINE: 
[2026-03-16 15:40:41Z INFO Terminal] WRITE LINE: --------------------------------------------------------------------------------
[2026-03-16 15:40:41Z INFO Terminal] WRITE LINE: |        ____ _ _   _   _       _          _        _   _                      |
[2026-03-16 15:40:41Z INFO Terminal] WRITE LINE: |       / ___(_) |_| | | |_   _| |__      / \   ___| |_(_) ___  _ __  ___      |
[2026-03-16 15:40:41Z INFO Terminal] WRITE LINE: |      | |  _| | __| |_| | | | | '_ \    / _ \ / __| __| |/ _ \| '_ \/ __|     |
[2026-03-16 15:40:41Z INFO Terminal] WRITE LINE: |      | |_| | | |_|  _  | |_| | |_) |  / ___ \ (__| |_| | (_) | | | \__ \     |
[2026-03-16 15:40:41Z INFO Terminal] WRITE LINE: |       \____|_|\__|_| |_|\__,_|_.__/  /_/   \_\___|\__|_|\___/|_| |_|___/     |
[2026-03-16 15:40:41Z INFO Terminal] WRITE LINE: |                                                                              |
[2026-03-16 15:40:41Z INFO Terminal] WRITE: |                       
[2026-03-16 15:40:41Z INFO Terminal] WRITE: Self-hosted runner registration
[2026-03-16 15:40:41Z INFO Terminal] WRITE LINE:                         |
[2026-03-16 15:40:41Z INFO Terminal] WRITE LINE: |                                                                              |
[2026-03-16 15:40:41Z INFO Terminal] WRITE LINE: --------------------------------------------------------------------------------
[2026-03-16 15:40:41Z INFO ConfigurationManager] ConfigureAsync
[2026-03-16 15:40:41Z INFO CommandSettings] Flag 'generateServiceConfig': 'False'
[2026-03-16 15:40:41Z INFO ConfigurationStore] IsConfigured()
[2026-03-16 15:40:41Z INFO ConfigurationStore] IsConfigured: False
[2026-03-16 15:40:41Z INFO ConfigurationManager] Is configured: False
[2026-03-16 15:40:41Z INFO CommandSettings] Arg 'url': 'https://github.com/AnonVertex123/TuminhAgi'
[2026-03-16 15:40:41Z INFO CommandSettings] Remove url from Arg dictionary.
[2026-03-16 15:40:41Z INFO CommandSettings] Arg 'token': '***'
[2026-03-16 15:40:41Z INFO CommandSettings] Remove token from Arg dictionary.
[2026-03-16 15:40:41Z INFO ConfigurationManager] Http response code: OK from 'POST https://api.github.com/actions/runner-registration' (CCB1:1B8C55:3625B2:3E539E:69B82460)
[2026-03-16 15:40:41Z INFO ConfigurationManager] Using V2 flow: False
[2026-03-16 15:40:41Z INFO ConfigurationManager] cred retrieved via GitHub auth
[2026-03-16 15:40:41Z INFO RunnerServer] EstablishVssConnection
[2026-03-16 15:40:41Z INFO RunnerServer] Establish connection with 100 seconds timeout.
[2026-03-16 15:40:41Z INFO GitHubActionsService] Starting operation Location.GetConnectionData
[2026-03-16 15:40:41Z INFO RunnerServer] EstablishVssConnection
[2026-03-16 15:40:41Z INFO RunnerServer] Establish connection with 60 seconds timeout.
[2026-03-16 15:40:41Z INFO GitHubActionsService] Starting operation Location.GetConnectionData
[2026-03-16 15:40:41Z INFO RunnerServer] EstablishVssConnection
[2026-03-16 15:40:41Z INFO RunnerServer] Establish connection with 60 seconds timeout.
[2026-03-16 15:40:41Z INFO GitHubActionsService] Starting operation Location.GetConnectionData
[2026-03-16 15:40:42Z INFO GitHubActionsService] Finished operation Location.GetConnectionData
[2026-03-16 15:40:42Z INFO GitHubActionsService] Finished operation Location.GetConnectionData
[2026-03-16 15:40:42Z INFO GitHubActionsService] Finished operation Location.GetConnectionData
[2026-03-16 15:40:43Z INFO Terminal] WRITE LINE: 
[2026-03-16 15:40:43Z INFO ConfigurationManager] Test Connection complete.
[2026-03-16 15:40:43Z INFO HostContext] Well known directory 'Bin': 'I:\TuminhAgi\actions-runner\bin'
[2026-03-16 15:40:43Z INFO HostContext] Well known directory 'Root': 'I:\TuminhAgi\actions-runner'
[2026-03-16 15:40:43Z INFO HostContext] Well known config file 'RSACredentials': 'I:\TuminhAgi\actions-runner\.credentials_rsaparams'
[2026-03-16 15:40:43Z INFO RSAEncryptedFileKeyManager] Found existing RSA key parameters file I:\TuminhAgi\actions-runner\.credentials_rsaparams
[2026-03-16 15:40:43Z INFO CommandSettings] Arg 'runnergroup': ''
[2026-03-16 15:40:43Z INFO CommandSettings] Flag 'unattended': 'False'
[2026-03-16 15:40:43Z INFO PromptManager] ReadValue
[2026-03-16 15:40:43Z INFO Terminal] WRITE: Enter the name of the runner group to add this runner to: 
[2026-03-16 15:40:43Z INFO Terminal] WRITE: [press Enter for Default] 
[2026-03-16 15:40:43Z INFO Terminal] READ LINE
[2026-03-16 15:41:02Z INFO Terminal] Read value: ''
[2026-03-16 15:41:02Z INFO PromptManager] Falling back to the default: 'Default'
[2026-03-16 15:41:02Z INFO Terminal] WRITE LINE: 
[2026-03-16 15:41:02Z INFO ConfigurationManager] Found a self-hosted runner group with id 1 and name Default
[2026-03-16 15:41:02Z INFO CommandSettings] Flag 'disableupdate': 'False'
[2026-03-16 15:41:02Z INFO CommandSettings] Flag 'ephemeral': 'False'
[2026-03-16 15:41:02Z INFO CommandSettings] Arg 'name': ''
[2026-03-16 15:41:02Z INFO CommandSettings] Flag 'unattended': 'False'
[2026-03-16 15:41:02Z INFO PromptManager] ReadValue
[2026-03-16 15:41:02Z INFO Terminal] WRITE: Enter the name of runner: 
[2026-03-16 15:41:02Z INFO Terminal] WRITE: [press Enter for DESKTOP-7BGPN00] 
[2026-03-16 15:41:02Z INFO Terminal] READ LINE
[2026-03-16 15:41:15Z INFO Terminal] Read value: 'Tuminh-RTX3060'
[2026-03-16 15:41:15Z INFO Terminal] WRITE LINE: 
[2026-03-16 15:41:15Z INFO CommandSettings] Arg 'labels': ''
[2026-03-16 15:41:15Z INFO CommandSettings] Flag 'unattended': 'False'
[2026-03-16 15:41:15Z INFO PromptManager] ReadValue
[2026-03-16 15:41:15Z INFO Terminal] WRITE: This runner will have the following labels: 'self-hosted', 'Windows', 'X64' 
Enter any additional labels (ex. label-1,label-2): 
[2026-03-16 15:41:15Z INFO Terminal] WRITE: [press Enter to skip] 
[2026-03-16 15:41:15Z INFO Terminal] READ LINE
[2026-03-16 15:42:03Z INFO Terminal] Read value: 'tuminh-power'
[2026-03-16 15:42:03Z INFO Terminal] WRITE LINE: 
[2026-03-16 15:42:04Z INFO CommandSettings] Flag 'disableupdate': 'False'
[2026-03-16 15:42:04Z INFO CommandSettings] Flag 'no-default-labels': 'False'
[2026-03-16 15:42:04Z INFO CommandSettings] Flag 'disableupdate': 'False'
[2026-03-16 15:42:04Z INFO CommandSettings] Flag 'ephemeral': 'False'
[2026-03-16 15:42:04Z INFO ConfigurationStore] Saving OAuth credential @ I:\TuminhAgi\actions-runner\.credentials
[2026-03-16 15:42:04Z INFO ConfigurationStore] Credentials Saved.
[2026-03-16 15:42:04Z INFO ConfigurationStore] HasCredentials()
[2026-03-16 15:42:04Z INFO ConfigurationStore] stored True
[2026-03-16 15:42:05Z INFO CredentialManager] GetCredentialProvider
[2026-03-16 15:42:05Z INFO CredentialManager] Creating type OAuth
[2026-03-16 15:42:05Z INFO CredentialManager] Creating credential type: OAuth
[2026-03-16 15:42:05Z INFO RSAEncryptedFileKeyManager] Loading RSA key parameters from file I:\TuminhAgi\actions-runner\.credentials_rsaparams
[2026-03-16 15:42:05Z INFO RunnerServer] EstablishVssConnection
[2026-03-16 15:42:05Z INFO RunnerServer] Establish connection with 100 seconds timeout.
[2026-03-16 15:42:05Z INFO GitHubActionsService] Starting operation Location.GetConnectionData
[2026-03-16 15:42:05Z INFO RunnerServer] EstablishVssConnection
[2026-03-16 15:42:05Z INFO RunnerServer] Establish connection with 60 seconds timeout.
[2026-03-16 15:42:05Z INFO GitHubActionsService] Starting operation Location.GetConnectionData
[2026-03-16 15:42:05Z INFO RunnerServer] EstablishVssConnection
[2026-03-16 15:42:05Z INFO RunnerServer] Establish connection with 60 seconds timeout.
[2026-03-16 15:42:05Z INFO GitHubActionsService] Starting operation Location.GetConnectionData
[2026-03-16 15:42:05Z INFO GitHubActionsService] Finished operation Location.GetConnectionData
[2026-03-16 15:42:06Z INFO GitHubActionsService] Finished operation Location.GetConnectionData
[2026-03-16 15:42:06Z INFO GitHubActionsService] Finished operation Location.GetConnectionData
[2026-03-16 15:42:06Z INFO RSAEncryptedFileKeyManager] Loading RSA key parameters from file I:\TuminhAgi\actions-runner\.credentials_rsaparams
[2026-03-16 15:42:06Z INFO RSAEncryptedFileKeyManager] Loading RSA key parameters from file I:\TuminhAgi\actions-runner\.credentials_rsaparams
[2026-03-16 15:42:07Z INFO GitHubActionsService] AAD Correlation ID for this token request: Unknown
[2026-03-16 15:42:07Z INFO CommandSettings] Arg 'work': ''
[2026-03-16 15:42:07Z INFO CommandSettings] Flag 'unattended': 'False'
[2026-03-16 15:42:07Z INFO PromptManager] ReadValue
[2026-03-16 15:42:07Z INFO Terminal] WRITE: Enter name of work folder: 
[2026-03-16 15:42:07Z INFO Terminal] WRITE: [press Enter for _work] 
[2026-03-16 15:42:07Z INFO Terminal] READ LINE
[2026-03-16 15:42:23Z INFO Terminal] Read value: ''
[2026-03-16 15:42:23Z INFO PromptManager] Falling back to the default: '_work'
[2026-03-16 15:42:23Z INFO ConfigurationStore] Saving runner settings.
[2026-03-16 15:42:23Z INFO ConfigurationStore] Settings Saved.
[2026-03-16 15:42:23Z INFO Terminal] WRITE LINE: 
[2026-03-16 15:42:23Z INFO Terminal] WRITE LINE: 
[2026-03-16 15:42:23Z INFO CommandSettings] Flag 'runasservice': 'False'
[2026-03-16 15:42:23Z INFO CommandSettings] Flag 'unattended': 'False'
[2026-03-16 15:42:23Z INFO PromptManager] ReadValue
[2026-03-16 15:42:23Z INFO Terminal] WRITE: Would you like to run the runner as service? (Y/N) 
[2026-03-16 15:42:23Z INFO Terminal] WRITE: [press Enter for N] 
[2026-03-16 15:42:23Z INFO Terminal] READ LINE
[2026-03-16 15:43:23Z INFO Terminal] Read value: 'y'
[2026-03-16 15:43:23Z INFO ConfigurationManager] Configuring to run the agent as service
[2026-03-16 15:43:23Z ERR  WindowsServiceControlManager] Needs Administrator privileges for configure runner as windows service.
[2026-03-16 15:43:23Z ERR  Runner] System.Security.SecurityException: Needs Administrator privileges for configuring runner as windows service.
   at GitHub.Runner.Listener.Configuration.WindowsServiceControlManager.ConfigureService(RunnerSettings settings, CommandSettings command)
   at GitHub.Runner.Listener.Configuration.ConfigurationManager.ConfigureAsync(CommandSettings command)
   at GitHub.Runner.Listener.Runner.ExecuteCommand(CommandSettings command)
[2026-03-16 15:43:23Z ERR  Terminal] WRITE ERROR: Needs Administrator privileges for configuring runner as windows service.
[2026-03-16 15:43:23Z INFO Listener] Runner execution has finished with return code 1
