[2026-03-16 16:42:31Z INFO HostContext] No proxy settings were found based on environmental variables (http_proxy/https_proxy/HTTP_PROXY/HTTPS_PROXY)
[2026-03-16 16:42:31Z INFO HostContext] Well known directory 'Bin': 'I:\TuminhAgi\actions-runner\bin'
[2026-03-16 16:42:31Z INFO HostContext] Well known directory 'Root': 'I:\TuminhAgi\actions-runner'
[2026-03-16 16:42:31Z INFO HostContext] Well known config file 'Credentials': 'I:\TuminhAgi\actions-runner\.credentials'
[2026-03-16 16:42:31Z INFO HostContext] Well known directory 'Bin': 'I:\TuminhAgi\actions-runner\bin'
[2026-03-16 16:42:31Z INFO HostContext] Well known directory 'Root': 'I:\TuminhAgi\actions-runner'
[2026-03-16 16:42:31Z INFO HostContext] Well known config file 'Runner': 'I:\TuminhAgi\actions-runner\.runner'
[2026-03-16 16:42:31Z INFO Listener] Runner is built for Windows (X64) - win-x64.
[2026-03-16 16:42:31Z INFO Listener] RuntimeInformation: Microsoft Windows 10.0.19045.
[2026-03-16 16:42:31Z INFO Listener] Version: 2.332.0
[2026-03-16 16:42:31Z INFO Listener] Commit: a153d802ff96c51ac1b8d72dd8a38ebe830398fc
[2026-03-16 16:42:31Z INFO Listener] Culture: en-US
[2026-03-16 16:42:31Z INFO Listener] UI Culture: en-US
[2026-03-16 16:42:31Z INFO HostContext] Well known directory 'Bin': 'I:\TuminhAgi\actions-runner\bin'
[2026-03-16 16:42:31Z INFO HostContext] Well known directory 'Root': 'I:\TuminhAgi\actions-runner'
[2026-03-16 16:42:31Z INFO Listener] Validating directory permissions for: 'I:\TuminhAgi\actions-runner'
[2026-03-16 16:42:31Z INFO CommandLineParser] Parse
[2026-03-16 16:42:31Z INFO CommandLineParser] Parsing 2 args
[2026-03-16 16:42:31Z INFO CommandLineParser] parsing argument
[2026-03-16 16:42:31Z INFO CommandLineParser] HasArgs: False
[2026-03-16 16:42:31Z INFO CommandLineParser] Adding Command: configure
[2026-03-16 16:42:31Z INFO CommandLineParser] parsing argument
[2026-03-16 16:42:31Z INFO CommandLineParser] HasArgs: False
[2026-03-16 16:42:31Z INFO CommandLineParser] Adding Command: show
[2026-03-16 16:42:31Z INFO Listener] Arguments parsed
[2026-03-16 16:42:31Z INFO CommandSettings] Command 'configure': 'True'
[2026-03-16 16:42:31Z ERR  Terminal] WRITE ERROR: Unrecognized command-line input arguments for command configure: 'show'. For usage refer to: .\config.cmd --help or ./config.sh --help
[2026-03-16 16:42:31Z INFO Runner] ExecuteCommand
[2026-03-16 16:42:31Z INFO ConfigurationStore] currentAssemblyLocation: I:\TuminhAgi\actions-runner\bin\Runner.Listener.dll
[2026-03-16 16:42:31Z INFO HostContext] Well known directory 'Bin': 'I:\TuminhAgi\actions-runner\bin'
[2026-03-16 16:42:31Z INFO ConfigurationStore] binPath: I:\TuminhAgi\actions-runner\bin
[2026-03-16 16:42:31Z INFO HostContext] Well known directory 'Bin': 'I:\TuminhAgi\actions-runner\bin'
[2026-03-16 16:42:31Z INFO HostContext] Well known directory 'Root': 'I:\TuminhAgi\actions-runner'
[2026-03-16 16:42:31Z INFO ConfigurationStore] RootFolder: I:\TuminhAgi\actions-runner
[2026-03-16 16:42:31Z INFO HostContext] Well known directory 'Bin': 'I:\TuminhAgi\actions-runner\bin'
[2026-03-16 16:42:31Z INFO HostContext] Well known directory 'Root': 'I:\TuminhAgi\actions-runner'
[2026-03-16 16:42:31Z INFO HostContext] Well known config file 'Runner': 'I:\TuminhAgi\actions-runner\.runner'
[2026-03-16 16:42:31Z INFO ConfigurationStore] ConfigFilePath: I:\TuminhAgi\actions-runner\.runner
[2026-03-16 16:42:31Z INFO HostContext] Well known directory 'Bin': 'I:\TuminhAgi\actions-runner\bin'
[2026-03-16 16:42:31Z INFO HostContext] Well known directory 'Root': 'I:\TuminhAgi\actions-runner'
[2026-03-16 16:42:31Z INFO HostContext] Well known config file 'MigratedRunner': 'I:\TuminhAgi\actions-runner\.runner_migrated'
[2026-03-16 16:42:31Z INFO ConfigurationStore] MigratedConfigFilePath: I:\TuminhAgi\actions-runner\.runner_migrated
[2026-03-16 16:42:31Z INFO HostContext] Well known directory 'Bin': 'I:\TuminhAgi\actions-runner\bin'
[2026-03-16 16:42:31Z INFO HostContext] Well known directory 'Root': 'I:\TuminhAgi\actions-runner'
[2026-03-16 16:42:31Z INFO HostContext] Well known config file 'Credentials': 'I:\TuminhAgi\actions-runner\.credentials'
[2026-03-16 16:42:31Z INFO ConfigurationStore] CredFilePath: I:\TuminhAgi\actions-runner\.credentials
[2026-03-16 16:42:31Z INFO HostContext] Well known directory 'Bin': 'I:\TuminhAgi\actions-runner\bin'
[2026-03-16 16:42:31Z INFO HostContext] Well known directory 'Root': 'I:\TuminhAgi\actions-runner'
[2026-03-16 16:42:31Z INFO HostContext] Well known config file 'MigratedCredentials': 'I:\TuminhAgi\actions-runner\.credentials_migrated'
[2026-03-16 16:42:31Z INFO ConfigurationStore] MigratedCredFilePath: I:\TuminhAgi\actions-runner\.credentials_migrated
[2026-03-16 16:42:31Z INFO HostContext] Well known directory 'Bin': 'I:\TuminhAgi\actions-runner\bin'
[2026-03-16 16:42:31Z INFO HostContext] Well known directory 'Root': 'I:\TuminhAgi\actions-runner'
[2026-03-16 16:42:31Z INFO HostContext] Well known config file 'Service': 'I:\TuminhAgi\actions-runner\.service'
[2026-03-16 16:42:31Z INFO ConfigurationStore] ServiceConfigFilePath: I:\TuminhAgi\actions-runner\.service
[2026-03-16 16:42:31Z INFO CommandSettings] Flag 'help': 'False'
[2026-03-16 16:42:31Z INFO CommandSettings] Flag 'version': 'False'
[2026-03-16 16:42:31Z INFO CommandSettings] Flag 'commit': 'False'
[2026-03-16 16:42:31Z INFO CommandSettings] Flag 'check': 'False'
[2026-03-16 16:42:31Z INFO CommandSettings] Command 'configure': 'True'
[2026-03-16 16:42:31Z INFO Terminal] WRITE LINE: 
[2026-03-16 16:42:31Z INFO Terminal] WRITE LINE: --------------------------------------------------------------------------------
[2026-03-16 16:42:31Z INFO Terminal] WRITE LINE: |        ____ _ _   _   _       _          _        _   _                      |
[2026-03-16 16:42:31Z INFO Terminal] WRITE LINE: |       / ___(_) |_| | | |_   _| |__      / \   ___| |_(_) ___  _ __  ___      |
[2026-03-16 16:42:31Z INFO Terminal] WRITE LINE: |      | |  _| | __| |_| | | | | '_ \    / _ \ / __| __| |/ _ \| '_ \/ __|     |
[2026-03-16 16:42:31Z INFO Terminal] WRITE LINE: |      | |_| | | |_|  _  | |_| | |_) |  / ___ \ (__| |_| | (_) | | | \__ \     |
[2026-03-16 16:42:31Z INFO Terminal] WRITE LINE: |       \____|_|\__|_| |_|\__,_|_.__/  /_/   \_\___|\__|_|\___/|_| |_|___/     |
[2026-03-16 16:42:31Z INFO Terminal] WRITE LINE: |                                                                              |
[2026-03-16 16:42:31Z INFO Terminal] WRITE: |                       
[2026-03-16 16:42:31Z INFO Terminal] WRITE: Self-hosted runner registration
[2026-03-16 16:42:31Z INFO Terminal] WRITE LINE:                         |
[2026-03-16 16:42:31Z INFO Terminal] WRITE LINE: |                                                                              |
[2026-03-16 16:42:31Z INFO Terminal] WRITE LINE: --------------------------------------------------------------------------------
[2026-03-16 16:42:31Z INFO ConfigurationManager] ConfigureAsync
[2026-03-16 16:42:31Z INFO CommandSettings] Flag 'generateServiceConfig': 'False'
[2026-03-16 16:42:31Z INFO ConfigurationStore] IsConfigured()
[2026-03-16 16:42:31Z INFO ConfigurationStore] IsConfigured: True
[2026-03-16 16:42:31Z INFO ConfigurationManager] Is configured: True
[2026-03-16 16:42:31Z ERR  Runner] System.InvalidOperationException: Cannot configure the runner because it is already configured. To reconfigure the runner, run 'config.cmd remove' or './config.sh remove' first.
   at GitHub.Runner.Listener.Configuration.ConfigurationManager.ConfigureAsync(CommandSettings command)
   at GitHub.Runner.Listener.Runner.ExecuteCommand(CommandSettings command)
[2026-03-16 16:42:31Z ERR  Terminal] WRITE ERROR: Cannot configure the runner because it is already configured. To reconfigure the runner, run 'config.cmd remove' or './config.sh remove' first.
[2026-03-16 16:42:31Z INFO Listener] Runner execution has finished with return code 1
