[2026-03-16 15:45:49Z INFO HostContext] No proxy settings were found based on environmental variables (http_proxy/https_proxy/HTTP_PROXY/HTTPS_PROXY)
[2026-03-16 15:45:49Z INFO HostContext] Well known directory 'Bin': 'I:\TuminhAgi\actions-runner\bin'
[2026-03-16 15:45:49Z INFO HostContext] Well known directory 'Root': 'I:\TuminhAgi\actions-runner'
[2026-03-16 15:45:49Z INFO HostContext] Well known config file 'Credentials': 'I:\TuminhAgi\actions-runner\.credentials'
[2026-03-16 15:45:49Z INFO HostContext] Well known directory 'Bin': 'I:\TuminhAgi\actions-runner\bin'
[2026-03-16 15:45:49Z INFO HostContext] Well known directory 'Root': 'I:\TuminhAgi\actions-runner'
[2026-03-16 15:45:49Z INFO HostContext] Well known config file 'Runner': 'I:\TuminhAgi\actions-runner\.runner'
[2026-03-16 15:45:49Z INFO Listener] Runner is built for Windows (X64) - win-x64.
[2026-03-16 15:45:49Z INFO Listener] RuntimeInformation: Microsoft Windows 10.0.19045.
[2026-03-16 15:45:49Z INFO Listener] Version: 2.332.0
[2026-03-16 15:45:49Z INFO Listener] Commit: a153d802ff96c51ac1b8d72dd8a38ebe830398fc
[2026-03-16 15:45:49Z INFO Listener] Culture: en-US
[2026-03-16 15:45:49Z INFO Listener] UI Culture: en-US
[2026-03-16 15:45:49Z INFO HostContext] Well known directory 'Bin': 'I:\TuminhAgi\actions-runner\bin'
[2026-03-16 15:45:49Z INFO HostContext] Well known directory 'Root': 'I:\TuminhAgi\actions-runner'
[2026-03-16 15:45:49Z INFO Listener] Validating directory permissions for: 'I:\TuminhAgi\actions-runner'
[2026-03-16 15:45:49Z INFO CommandLineParser] Parse
[2026-03-16 15:45:49Z INFO CommandLineParser] Parsing 1 args
[2026-03-16 15:45:49Z INFO CommandLineParser] parsing argument
[2026-03-16 15:45:49Z INFO CommandLineParser] HasArgs: False
[2026-03-16 15:45:49Z INFO CommandLineParser] Adding Command: run
[2026-03-16 15:45:49Z INFO Listener] Arguments parsed
[2026-03-16 15:45:49Z INFO Runner] ExecuteCommand
[2026-03-16 15:45:49Z INFO ConfigurationStore] currentAssemblyLocation: I:\TuminhAgi\actions-runner\bin\Runner.Listener.dll
[2026-03-16 15:45:49Z INFO HostContext] Well known directory 'Bin': 'I:\TuminhAgi\actions-runner\bin'
[2026-03-16 15:45:49Z INFO ConfigurationStore] binPath: I:\TuminhAgi\actions-runner\bin
[2026-03-16 15:45:49Z INFO HostContext] Well known directory 'Bin': 'I:\TuminhAgi\actions-runner\bin'
[2026-03-16 15:45:49Z INFO HostContext] Well known directory 'Root': 'I:\TuminhAgi\actions-runner'
[2026-03-16 15:45:49Z INFO ConfigurationStore] RootFolder: I:\TuminhAgi\actions-runner
[2026-03-16 15:45:49Z INFO HostContext] Well known directory 'Bin': 'I:\TuminhAgi\actions-runner\bin'
[2026-03-16 15:45:49Z INFO HostContext] Well known directory 'Root': 'I:\TuminhAgi\actions-runner'
[2026-03-16 15:45:49Z INFO HostContext] Well known config file 'Runner': 'I:\TuminhAgi\actions-runner\.runner'
[2026-03-16 15:45:49Z INFO ConfigurationStore] ConfigFilePath: I:\TuminhAgi\actions-runner\.runner
[2026-03-16 15:45:49Z INFO HostContext] Well known directory 'Bin': 'I:\TuminhAgi\actions-runner\bin'
[2026-03-16 15:45:49Z INFO HostContext] Well known directory 'Root': 'I:\TuminhAgi\actions-runner'
[2026-03-16 15:45:49Z INFO HostContext] Well known config file 'MigratedRunner': 'I:\TuminhAgi\actions-runner\.runner_migrated'
[2026-03-16 15:45:49Z INFO ConfigurationStore] MigratedConfigFilePath: I:\TuminhAgi\actions-runner\.runner_migrated
[2026-03-16 15:45:49Z INFO HostContext] Well known directory 'Bin': 'I:\TuminhAgi\actions-runner\bin'
[2026-03-16 15:45:49Z INFO HostContext] Well known directory 'Root': 'I:\TuminhAgi\actions-runner'
[2026-03-16 15:45:49Z INFO HostContext] Well known config file 'Credentials': 'I:\TuminhAgi\actions-runner\.credentials'
[2026-03-16 15:45:49Z INFO ConfigurationStore] CredFilePath: I:\TuminhAgi\actions-runner\.credentials
[2026-03-16 15:45:49Z INFO HostContext] Well known directory 'Bin': 'I:\TuminhAgi\actions-runner\bin'
[2026-03-16 15:45:49Z INFO HostContext] Well known directory 'Root': 'I:\TuminhAgi\actions-runner'
[2026-03-16 15:45:49Z INFO HostContext] Well known config file 'MigratedCredentials': 'I:\TuminhAgi\actions-runner\.credentials_migrated'
[2026-03-16 15:45:49Z INFO ConfigurationStore] MigratedCredFilePath: I:\TuminhAgi\actions-runner\.credentials_migrated
[2026-03-16 15:45:49Z INFO HostContext] Well known directory 'Bin': 'I:\TuminhAgi\actions-runner\bin'
[2026-03-16 15:45:49Z INFO HostContext] Well known directory 'Root': 'I:\TuminhAgi\actions-runner'
[2026-03-16 15:45:49Z INFO HostContext] Well known config file 'Service': 'I:\TuminhAgi\actions-runner\.service'
[2026-03-16 15:45:49Z INFO ConfigurationStore] ServiceConfigFilePath: I:\TuminhAgi\actions-runner\.service
[2026-03-16 15:45:49Z INFO CommandSettings] Flag 'help': 'False'
[2026-03-16 15:45:49Z INFO CommandSettings] Flag 'version': 'False'
[2026-03-16 15:45:49Z INFO CommandSettings] Flag 'commit': 'False'
[2026-03-16 15:45:49Z INFO CommandSettings] Flag 'check': 'False'
[2026-03-16 15:45:49Z INFO CommandSettings] Command 'configure': 'False'
[2026-03-16 15:45:49Z INFO CommandSettings] Command 'remove': 'False'
[2026-03-16 15:45:49Z INFO CommandSettings] Command 'warmup': 'False'
[2026-03-16 15:45:49Z INFO ConfigurationManager] LoadSettings
[2026-03-16 15:45:49Z INFO ConfigurationStore] IsConfigured()
[2026-03-16 15:45:49Z INFO ConfigurationStore] IsConfigured: True
[2026-03-16 15:45:49Z INFO ConfigurationManager] Is configured: True
[2026-03-16 15:45:49Z INFO ConfigurationStore] Read setting file: 312 chars
[2026-03-16 15:45:49Z INFO ConfigurationManager] Settings Loaded
[2026-03-16 15:45:49Z INFO ConfigurationStore] IsServiceConfigured()
[2026-03-16 15:45:49Z INFO ConfigurationStore] IsServiceConfigured: False
[2026-03-16 15:45:49Z INFO CommandSettings] Command 'run': 'True'
[2026-03-16 15:45:49Z INFO ConfigurationStore] IsConfigured()
[2026-03-16 15:45:49Z INFO ConfigurationStore] IsConfigured: True
[2026-03-16 15:45:49Z INFO ConfigurationManager] Is configured: True
[2026-03-16 15:45:49Z INFO Runner] Could not parse the argument value '' for StartupType. Defaulting to Manual
[2026-03-16 15:45:49Z INFO Runner] Set runner startup type - Manual
[2026-03-16 15:45:49Z INFO CommandSettings] Flag 'once': 'False'
[2026-03-16 15:45:49Z INFO CommandSettings] Flag 'once': 'False'
[2026-03-16 15:45:49Z INFO Runner] RunAsync
[2026-03-16 15:45:49Z INFO HostContext] Well known directory 'Bin': 'I:\TuminhAgi\actions-runner\bin'
[2026-03-16 15:45:49Z INFO HostContext] Well known directory 'Root': 'I:\TuminhAgi\actions-runner'
[2026-03-16 15:45:49Z INFO HostContext] Well known directory 'Work': 'I:\TuminhAgi\actions-runner\_work'
[2026-03-16 15:45:49Z INFO Runner] Validating directory permissions for: 'I:\TuminhAgi\actions-runner\_work'
[2026-03-16 15:45:49Z INFO ConfigurationManager] LoadMigratedSettings
[2026-03-16 15:45:49Z INFO ConfigurationStore] IsMigratedConfigured()
[2026-03-16 15:45:49Z INFO ConfigurationStore] IsMigratedConfigured: False
[2026-03-16 15:45:49Z INFO Runner] Failed to load migrated settings: No migrated configuration found.
[2026-03-16 15:45:49Z INFO Runner] Falling back to original .runner settings
[2026-03-16 15:45:49Z INFO ConfigurationManager] LoadSettings
[2026-03-16 15:45:49Z INFO ConfigurationStore] IsConfigured()
[2026-03-16 15:45:49Z INFO ConfigurationStore] IsConfigured: True
[2026-03-16 15:45:49Z INFO ConfigurationManager] Is configured: True
[2026-03-16 15:45:49Z INFO ConfigurationManager] Settings Loaded
[2026-03-16 15:45:49Z INFO MessageListener] {
  "AgentId": 21,
  "AgentName": "Tuminh-RTX3060",
  "PoolId": 1,
  "PoolName": "Default",
  "ServerUrl": "https://pipelinesghubeus5.actions.githubusercontent.com/lQuym46z0EV1Uxw8x5vApYoxh3ifmwKI9HbQj9CvrLNGJpao6k/",
  "GitHubUrl": "https://github.com/AnonVertex123/TuminhAgi",
  "WorkFolder": "_work"
}
[2026-03-16 15:45:49Z INFO MessageListener] Loading Credentials
[2026-03-16 15:45:49Z INFO ConfigurationStore] HasCredentials()
[2026-03-16 15:45:49Z INFO ConfigurationStore] stored True
[2026-03-16 15:45:49Z INFO CredentialManager] GetCredentialProvider
[2026-03-16 15:45:49Z INFO CredentialManager] Creating type OAuth
[2026-03-16 15:45:49Z INFO CredentialManager] Creating credential type: OAuth
[2026-03-16 15:45:49Z INFO HostContext] Well known directory 'Bin': 'I:\TuminhAgi\actions-runner\bin'
[2026-03-16 15:45:49Z INFO HostContext] Well known directory 'Root': 'I:\TuminhAgi\actions-runner'
[2026-03-16 15:45:49Z INFO HostContext] Well known config file 'RSACredentials': 'I:\TuminhAgi\actions-runner\.credentials_rsaparams'
[2026-03-16 15:45:49Z INFO RSAEncryptedFileKeyManager] Loading RSA key parameters from file I:\TuminhAgi\actions-runner\.credentials_rsaparams
[2026-03-16 15:45:49Z INFO MessageListener] Attempt to create session.
[2026-03-16 15:45:49Z INFO MessageListener] Connecting to the Runner Server...
[2026-03-16 15:45:49Z INFO RunnerServer] EstablishVssConnection
[2026-03-16 15:45:49Z INFO RunnerServer] Establish connection with 100 seconds timeout.
[2026-03-16 15:45:49Z INFO GitHubActionsService] Starting operation Location.GetConnectionData
[2026-03-16 15:45:49Z INFO RunnerServer] EstablishVssConnection
[2026-03-16 15:45:49Z INFO RunnerServer] Establish connection with 60 seconds timeout.
[2026-03-16 15:45:49Z INFO GitHubActionsService] Starting operation Location.GetConnectionData
[2026-03-16 15:45:49Z INFO RunnerServer] EstablishVssConnection
[2026-03-16 15:45:49Z INFO RunnerServer] Establish connection with 60 seconds timeout.
[2026-03-16 15:45:49Z INFO GitHubActionsService] Starting operation Location.GetConnectionData
[2026-03-16 15:45:50Z INFO GitHubActionsService] Finished operation Location.GetConnectionData
[2026-03-16 15:45:50Z INFO GitHubActionsService] Finished operation Location.GetConnectionData
[2026-03-16 15:45:50Z INFO GitHubActionsService] Finished operation Location.GetConnectionData
[2026-03-16 15:45:50Z INFO MessageListener] VssConnection created
[2026-03-16 15:45:50Z INFO Terminal] WRITE LINE: 
[2026-03-16 15:45:50Z INFO Terminal] WRITE LINE: 
[2026-03-16 15:45:50Z INFO RSAEncryptedFileKeyManager] Loading RSA key parameters from file I:\TuminhAgi\actions-runner\.credentials_rsaparams
[2026-03-16 15:45:50Z INFO RSAEncryptedFileKeyManager] Loading RSA key parameters from file I:\TuminhAgi\actions-runner\.credentials_rsaparams
[2026-03-16 15:45:51Z INFO GitHubActionsService] AAD Correlation ID for this token request: Unknown
[2026-03-16 15:45:52Z INFO MessageListener] Session created.
[2026-03-16 15:45:52Z INFO MessageListener] Registering AuthMigrationChanged event handler.
[2026-03-16 15:45:52Z INFO Terminal] WRITE LINE: Current runner version: '2.332.0'
[2026-03-16 15:45:52Z INFO Terminal] WRITE LINE: 2026-03-16 15:45:52Z: Listening for Jobs
[2026-03-16 15:45:52Z INFO JobDispatcher] Set runner/worker IPC timeout to 30 seconds.
[2026-03-16 15:45:52Z INFO ConfigurationStore] HasCredentials()
[2026-03-16 15:45:52Z INFO ConfigurationStore] stored True
[2026-03-16 15:45:52Z INFO CredentialManager] GetCredentialProvider
[2026-03-16 15:45:52Z INFO CredentialManager] Creating type OAuth
[2026-03-16 15:45:52Z INFO CredentialManager] Creating credential type: OAuth
[2026-03-16 15:45:52Z INFO RSAEncryptedFileKeyManager] Loading RSA key parameters from file I:\TuminhAgi\actions-runner\.credentials_rsaparams
[2026-03-16 15:45:52Z INFO RSAEncryptedFileKeyManager] Loading RSA key parameters from file I:\TuminhAgi\actions-runner\.credentials_rsaparams
[2026-03-16 15:45:52Z INFO RSAEncryptedFileKeyManager] Loading RSA key parameters from file I:\TuminhAgi\actions-runner\.credentials_rsaparams
[2026-03-16 15:45:53Z INFO GitHubActionsService] AAD Correlation ID for this token request: Unknown
[2026-03-16 15:46:44Z INFO ConfigurationStore] HasCredentials()
[2026-03-16 15:46:44Z INFO ConfigurationStore] stored True
[2026-03-16 15:46:44Z INFO CredentialManager] GetCredentialProvider
[2026-03-16 15:46:44Z INFO CredentialManager] Creating type OAuth
[2026-03-16 15:46:44Z INFO CredentialManager] Creating credential type: OAuth
[2026-03-16 15:46:44Z INFO RSAEncryptedFileKeyManager] Loading RSA key parameters from file I:\TuminhAgi\actions-runner\.credentials_rsaparams
[2026-03-16 15:47:35Z INFO ConfigurationStore] HasCredentials()
[2026-03-16 15:47:35Z INFO ConfigurationStore] stored True
[2026-03-16 15:47:35Z INFO CredentialManager] GetCredentialProvider
[2026-03-16 15:47:35Z INFO CredentialManager] Creating type OAuth
[2026-03-16 15:47:35Z INFO CredentialManager] Creating credential type: OAuth
[2026-03-16 15:47:35Z INFO RSAEncryptedFileKeyManager] Loading RSA key parameters from file I:\TuminhAgi\actions-runner\.credentials_rsaparams
[2026-03-16 15:48:26Z INFO ConfigurationStore] HasCredentials()
[2026-03-16 15:48:26Z INFO ConfigurationStore] stored True
[2026-03-16 15:48:26Z INFO CredentialManager] GetCredentialProvider
[2026-03-16 15:48:26Z INFO CredentialManager] Creating type OAuth
[2026-03-16 15:48:26Z INFO CredentialManager] Creating credential type: OAuth
[2026-03-16 15:48:26Z INFO RSAEncryptedFileKeyManager] Loading RSA key parameters from file I:\TuminhAgi\actions-runner\.credentials_rsaparams
[2026-03-16 15:49:16Z INFO ConfigurationStore] HasCredentials()
[2026-03-16 15:49:16Z INFO ConfigurationStore] stored True
[2026-03-16 15:49:16Z INFO CredentialManager] GetCredentialProvider
[2026-03-16 15:49:16Z INFO CredentialManager] Creating type OAuth
[2026-03-16 15:49:16Z INFO CredentialManager] Creating credential type: OAuth
[2026-03-16 15:49:16Z INFO RSAEncryptedFileKeyManager] Loading RSA key parameters from file I:\TuminhAgi\actions-runner\.credentials_rsaparams
[2026-03-16 15:50:07Z INFO ConfigurationStore] HasCredentials()
[2026-03-16 15:50:07Z INFO ConfigurationStore] stored True
[2026-03-16 15:50:07Z INFO CredentialManager] GetCredentialProvider
[2026-03-16 15:50:07Z INFO CredentialManager] Creating type OAuth
[2026-03-16 15:50:07Z INFO CredentialManager] Creating credential type: OAuth
[2026-03-16 15:50:07Z INFO RSAEncryptedFileKeyManager] Loading RSA key parameters from file I:\TuminhAgi\actions-runner\.credentials_rsaparams
[2026-03-16 15:50:58Z INFO ConfigurationStore] HasCredentials()
[2026-03-16 15:50:58Z INFO ConfigurationStore] stored True
[2026-03-16 15:50:58Z INFO CredentialManager] GetCredentialProvider
[2026-03-16 15:50:58Z INFO CredentialManager] Creating type OAuth
[2026-03-16 15:50:58Z INFO CredentialManager] Creating credential type: OAuth
[2026-03-16 15:50:58Z INFO RSAEncryptedFileKeyManager] Loading RSA key parameters from file I:\TuminhAgi\actions-runner\.credentials_rsaparams
[2026-03-16 15:51:48Z INFO ConfigurationStore] HasCredentials()
[2026-03-16 15:51:48Z INFO ConfigurationStore] stored True
[2026-03-16 15:51:48Z INFO CredentialManager] GetCredentialProvider
[2026-03-16 15:51:48Z INFO CredentialManager] Creating type OAuth
[2026-03-16 15:51:48Z INFO CredentialManager] Creating credential type: OAuth
[2026-03-16 15:51:48Z INFO RSAEncryptedFileKeyManager] Loading RSA key parameters from file I:\TuminhAgi\actions-runner\.credentials_rsaparams
[2026-03-16 15:52:39Z INFO ConfigurationStore] HasCredentials()
[2026-03-16 15:52:39Z INFO ConfigurationStore] stored True
[2026-03-16 15:52:39Z INFO CredentialManager] GetCredentialProvider
[2026-03-16 15:52:39Z INFO CredentialManager] Creating type OAuth
[2026-03-16 15:52:39Z INFO CredentialManager] Creating credential type: OAuth
[2026-03-16 15:52:39Z INFO RSAEncryptedFileKeyManager] Loading RSA key parameters from file I:\TuminhAgi\actions-runner\.credentials_rsaparams
[2026-03-16 15:53:30Z INFO ConfigurationStore] HasCredentials()
[2026-03-16 15:53:30Z INFO ConfigurationStore] stored True
[2026-03-16 15:53:30Z INFO CredentialManager] GetCredentialProvider
[2026-03-16 15:53:30Z INFO CredentialManager] Creating type OAuth
[2026-03-16 15:53:30Z INFO CredentialManager] Creating credential type: OAuth
[2026-03-16 15:53:30Z INFO RSAEncryptedFileKeyManager] Loading RSA key parameters from file I:\TuminhAgi\actions-runner\.credentials_rsaparams
[2026-03-16 15:54:20Z INFO ConfigurationStore] HasCredentials()
[2026-03-16 15:54:20Z INFO ConfigurationStore] stored True
[2026-03-16 15:54:20Z INFO CredentialManager] GetCredentialProvider
[2026-03-16 15:54:20Z INFO CredentialManager] Creating type OAuth
[2026-03-16 15:54:20Z INFO CredentialManager] Creating credential type: OAuth
[2026-03-16 15:54:20Z INFO RSAEncryptedFileKeyManager] Loading RSA key parameters from file I:\TuminhAgi\actions-runner\.credentials_rsaparams
[2026-03-16 15:55:11Z INFO ConfigurationStore] HasCredentials()
[2026-03-16 15:55:11Z INFO ConfigurationStore] stored True
[2026-03-16 15:55:11Z INFO CredentialManager] GetCredentialProvider
[2026-03-16 15:55:11Z INFO CredentialManager] Creating type OAuth
[2026-03-16 15:55:11Z INFO CredentialManager] Creating credential type: OAuth
[2026-03-16 15:55:11Z INFO RSAEncryptedFileKeyManager] Loading RSA key parameters from file I:\TuminhAgi\actions-runner\.credentials_rsaparams
[2026-03-16 15:56:01Z INFO ConfigurationStore] HasCredentials()
[2026-03-16 15:56:01Z INFO ConfigurationStore] stored True
[2026-03-16 15:56:01Z INFO CredentialManager] GetCredentialProvider
[2026-03-16 15:56:01Z INFO CredentialManager] Creating type OAuth
[2026-03-16 15:56:01Z INFO CredentialManager] Creating credential type: OAuth
[2026-03-16 15:56:01Z INFO RSAEncryptedFileKeyManager] Loading RSA key parameters from file I:\TuminhAgi\actions-runner\.credentials_rsaparams
[2026-03-16 15:56:52Z INFO ConfigurationStore] HasCredentials()
[2026-03-16 15:56:52Z INFO ConfigurationStore] stored True
[2026-03-16 15:56:52Z INFO CredentialManager] GetCredentialProvider
[2026-03-16 15:56:52Z INFO CredentialManager] Creating type OAuth
[2026-03-16 15:56:52Z INFO CredentialManager] Creating credential type: OAuth
[2026-03-16 15:56:52Z INFO RSAEncryptedFileKeyManager] Loading RSA key parameters from file I:\TuminhAgi\actions-runner\.credentials_rsaparams
[2026-03-16 15:57:43Z INFO ConfigurationStore] HasCredentials()
[2026-03-16 15:57:43Z INFO ConfigurationStore] stored True
[2026-03-16 15:57:43Z INFO CredentialManager] GetCredentialProvider
[2026-03-16 15:57:43Z INFO CredentialManager] Creating type OAuth
[2026-03-16 15:57:43Z INFO CredentialManager] Creating credential type: OAuth
[2026-03-16 15:57:43Z INFO RSAEncryptedFileKeyManager] Loading RSA key parameters from file I:\TuminhAgi\actions-runner\.credentials_rsaparams
[2026-03-16 15:58:33Z INFO ConfigurationStore] HasCredentials()
[2026-03-16 15:58:33Z INFO ConfigurationStore] stored True
[2026-03-16 15:58:33Z INFO CredentialManager] GetCredentialProvider
[2026-03-16 15:58:33Z INFO CredentialManager] Creating type OAuth
[2026-03-16 15:58:33Z INFO CredentialManager] Creating credential type: OAuth
[2026-03-16 15:58:33Z INFO RSAEncryptedFileKeyManager] Loading RSA key parameters from file I:\TuminhAgi\actions-runner\.credentials_rsaparams
[2026-03-16 15:59:24Z INFO ConfigurationStore] HasCredentials()
[2026-03-16 15:59:24Z INFO ConfigurationStore] stored True
[2026-03-16 15:59:24Z INFO CredentialManager] GetCredentialProvider
[2026-03-16 15:59:24Z INFO CredentialManager] Creating type OAuth
[2026-03-16 15:59:24Z INFO CredentialManager] Creating credential type: OAuth
[2026-03-16 15:59:24Z INFO RSAEncryptedFileKeyManager] Loading RSA key parameters from file I:\TuminhAgi\actions-runner\.credentials_rsaparams
[2026-03-16 16:00:15Z INFO ConfigurationStore] HasCredentials()
[2026-03-16 16:00:15Z INFO ConfigurationStore] stored True
[2026-03-16 16:00:15Z INFO CredentialManager] GetCredentialProvider
[2026-03-16 16:00:15Z INFO CredentialManager] Creating type OAuth
[2026-03-16 16:00:15Z INFO CredentialManager] Creating credential type: OAuth
[2026-03-16 16:00:15Z INFO RSAEncryptedFileKeyManager] Loading RSA key parameters from file I:\TuminhAgi\actions-runner\.credentials_rsaparams
[2026-03-16 16:01:05Z INFO ConfigurationStore] HasCredentials()
[2026-03-16 16:01:05Z INFO ConfigurationStore] stored True
[2026-03-16 16:01:05Z INFO CredentialManager] GetCredentialProvider
[2026-03-16 16:01:05Z INFO CredentialManager] Creating type OAuth
[2026-03-16 16:01:05Z INFO CredentialManager] Creating credential type: OAuth
[2026-03-16 16:01:05Z INFO RSAEncryptedFileKeyManager] Loading RSA key parameters from file I:\TuminhAgi\actions-runner\.credentials_rsaparams
[2026-03-16 16:01:56Z INFO ConfigurationStore] HasCredentials()
[2026-03-16 16:01:56Z INFO ConfigurationStore] stored True
[2026-03-16 16:01:56Z INFO CredentialManager] GetCredentialProvider
[2026-03-16 16:01:56Z INFO CredentialManager] Creating type OAuth
[2026-03-16 16:01:56Z INFO CredentialManager] Creating credential type: OAuth
[2026-03-16 16:01:56Z INFO RSAEncryptedFileKeyManager] Loading RSA key parameters from file I:\TuminhAgi\actions-runner\.credentials_rsaparams
[2026-03-16 16:02:38Z INFO MessageListener] Message '515635913135204918' received from session '19582551-0c75-411c-a46c-542e3b352373'.
[2026-03-16 16:02:38Z INFO MessageListener] Acknowledging runner request 'd9555b6e-f07c-5455-a48f-1ca6b72d47fd'.
[2026-03-16 16:02:38Z INFO ConfigurationStore] HasCredentials()
[2026-03-16 16:02:38Z INFO ConfigurationStore] stored True
[2026-03-16 16:02:38Z INFO CredentialManager] GetCredentialProvider
[2026-03-16 16:02:38Z INFO CredentialManager] Creating type OAuth
[2026-03-16 16:02:38Z INFO CredentialManager] Creating credential type: OAuth
[2026-03-16 16:02:38Z INFO RSAEncryptedFileKeyManager] Loading RSA key parameters from file I:\TuminhAgi\actions-runner\.credentials_rsaparams
[2026-03-16 16:02:38Z INFO RSAEncryptedFileKeyManager] Loading RSA key parameters from file I:\TuminhAgi\actions-runner\.credentials_rsaparams
[2026-03-16 16:02:38Z INFO RSAEncryptedFileKeyManager] Loading RSA key parameters from file I:\TuminhAgi\actions-runner\.credentials_rsaparams
[2026-03-16 16:02:39Z INFO GitHubActionsService] AAD Correlation ID for this token request: Unknown
[2026-03-16 16:02:41Z INFO JobDispatcher] Job request 0 for plan 46828154-4887-43c8-9954-4f893ffcda4e job d9555b6e-f07c-5455-a48f-1ca6b72d47fd received.
[2026-03-16 16:02:41Z INFO JobDispatcher] Pull OrchestrationId 46828154-4887-43c8-9954-4f893ffcda4e.crawl.__default from JWT claims
[2026-03-16 16:02:41Z INFO MessageListener] Received job status event. JobState: Busy
[2026-03-16 16:02:41Z INFO MessageListener] _getMessagesTokenSource is already disposed.
[2026-03-16 16:02:41Z INFO Terminal] WRITE LINE: 2026-03-16 16:02:41Z: Running job: Crawl swift
[2026-03-16 16:02:41Z INFO JobDispatcher] Start renew job request 0 for job d9555b6e-f07c-5455-a48f-1ca6b72d47fd.
[2026-03-16 16:02:42Z INFO JobDispatcher] Successfully renew job d9555b6e-f07c-5455-a48f-1ca6b72d47fd, job is valid till 3/16/2026 4:12:17 PM
[2026-03-16 16:02:42Z INFO HostContext] Well known directory 'Bin': 'I:\TuminhAgi\actions-runner\bin'
[2026-03-16 16:02:42Z INFO ProcessInvokerWrapper] Starting process:
[2026-03-16 16:02:42Z INFO ProcessInvokerWrapper]   File name: 'I:\TuminhAgi\actions-runner\bin\Runner.Worker.exe'
[2026-03-16 16:02:42Z INFO ProcessInvokerWrapper]   Arguments: 'spawnclient 2256 2332'
[2026-03-16 16:02:42Z INFO ProcessInvokerWrapper]   Working directory: 'I:\TuminhAgi\actions-runner\bin'
[2026-03-16 16:02:42Z INFO ProcessInvokerWrapper]   Require exit code zero: 'False'
[2026-03-16 16:02:42Z INFO ProcessInvokerWrapper]   Encoding web name:  ; code page: ''
[2026-03-16 16:02:42Z INFO ProcessInvokerWrapper]   Force kill process on cancellation: 'True'
[2026-03-16 16:02:42Z INFO ProcessInvokerWrapper]   Redirected STDIN: 'False'
[2026-03-16 16:02:42Z INFO ProcessInvokerWrapper]   Persist current code page: 'False'
[2026-03-16 16:02:42Z INFO ProcessInvokerWrapper]   Keep redirected STDIN open: 'False'
[2026-03-16 16:02:42Z INFO ProcessInvokerWrapper]   High priority process: 'True'
[2026-03-16 16:02:42Z INFO ProcessInvokerWrapper] Process started with process id 22720, waiting for process exit.
[2026-03-16 16:02:42Z INFO JobDispatcher] Send job request message to worker for job d9555b6e-f07c-5455-a48f-1ca6b72d47fd.
[2026-03-16 16:02:42Z INFO ProcessChannel] Sending message of length 20083, with hash 'fae998ec1b7c06f5a515ced21dfdeabdb573ee1082ce23969e427fdc352f1692'
[2026-03-16 16:02:42Z INFO JobNotification] Entering JobStarted Notification
[2026-03-16 16:02:42Z INFO JobNotification] Entering StartMonitor
[2026-03-16 16:02:43Z INFO ConfigurationStore] HasCredentials()
[2026-03-16 16:02:43Z INFO ConfigurationStore] stored True
[2026-03-16 16:02:43Z INFO CredentialManager] GetCredentialProvider
[2026-03-16 16:02:43Z INFO CredentialManager] Creating type OAuth
[2026-03-16 16:02:43Z INFO CredentialManager] Creating credential type: OAuth
[2026-03-16 16:02:43Z INFO RSAEncryptedFileKeyManager] Loading RSA key parameters from file I:\TuminhAgi\actions-runner\.credentials_rsaparams
[2026-03-16 16:03:33Z INFO ConfigurationStore] HasCredentials()
[2026-03-16 16:03:33Z INFO ConfigurationStore] stored True
[2026-03-16 16:03:33Z INFO CredentialManager] GetCredentialProvider
[2026-03-16 16:03:33Z INFO CredentialManager] Creating type OAuth
[2026-03-16 16:03:33Z INFO CredentialManager] Creating credential type: OAuth
[2026-03-16 16:03:33Z INFO RSAEncryptedFileKeyManager] Loading RSA key parameters from file I:\TuminhAgi\actions-runner\.credentials_rsaparams
[2026-03-16 16:03:40Z INFO ProcessInvokerWrapper] STDOUT/STDERR stream read finished.
[2026-03-16 16:03:40Z INFO ProcessInvokerWrapper] STDOUT/STDERR stream read finished.
[2026-03-16 16:03:40Z INFO ProcessInvokerWrapper] Finished process 22720 with exit code 102, and elapsed time 00:00:57.9023295.
[2026-03-16 16:03:40Z INFO JobDispatcher] Worker finished for job d9555b6e-f07c-5455-a48f-1ca6b72d47fd. Code: 102
[2026-03-16 16:03:40Z INFO JobDispatcher] finish job request for job d9555b6e-f07c-5455-a48f-1ca6b72d47fd with result: Failed
[2026-03-16 16:03:40Z INFO Terminal] WRITE LINE: 2026-03-16 16:03:40Z: Job Crawl swift completed with result: Failed
[2026-03-16 16:03:40Z INFO JobDispatcher] Stop renew job request for job d9555b6e-f07c-5455-a48f-1ca6b72d47fd.
[2026-03-16 16:03:40Z INFO JobDispatcher] job renew has been cancelled, stop renew job d9555b6e-f07c-5455-a48f-1ca6b72d47fd.
[2026-03-16 16:03:40Z INFO JobNotification] Entering JobCompleted Notification
[2026-03-16 16:03:40Z INFO JobNotification] Entering EndMonitor
[2026-03-16 16:03:40Z INFO MessageListener] Received job status event. JobState: Online
[2026-03-16 16:04:24Z INFO ConfigurationStore] HasCredentials()
[2026-03-16 16:04:24Z INFO ConfigurationStore] stored True
[2026-03-16 16:04:24Z INFO CredentialManager] GetCredentialProvider
[2026-03-16 16:04:24Z INFO CredentialManager] Creating type OAuth
[2026-03-16 16:04:24Z INFO CredentialManager] Creating credential type: OAuth
[2026-03-16 16:04:24Z INFO RSAEncryptedFileKeyManager] Loading RSA key parameters from file I:\TuminhAgi\actions-runner\.credentials_rsaparams
[2026-03-16 16:05:15Z INFO ConfigurationStore] HasCredentials()
[2026-03-16 16:05:15Z INFO ConfigurationStore] stored True
[2026-03-16 16:05:15Z INFO CredentialManager] GetCredentialProvider
[2026-03-16 16:05:15Z INFO CredentialManager] Creating type OAuth
[2026-03-16 16:05:15Z INFO CredentialManager] Creating credential type: OAuth
[2026-03-16 16:05:15Z INFO RSAEncryptedFileKeyManager] Loading RSA key parameters from file I:\TuminhAgi\actions-runner\.credentials_rsaparams
[2026-03-16 16:06:05Z INFO ConfigurationStore] HasCredentials()
[2026-03-16 16:06:05Z INFO ConfigurationStore] stored True
[2026-03-16 16:06:05Z INFO CredentialManager] GetCredentialProvider
[2026-03-16 16:06:05Z INFO CredentialManager] Creating type OAuth
[2026-03-16 16:06:05Z INFO CredentialManager] Creating credential type: OAuth
[2026-03-16 16:06:05Z INFO RSAEncryptedFileKeyManager] Loading RSA key parameters from file I:\TuminhAgi\actions-runner\.credentials_rsaparams
[2026-03-16 16:06:56Z INFO ConfigurationStore] HasCredentials()
[2026-03-16 16:06:56Z INFO ConfigurationStore] stored True
[2026-03-16 16:06:56Z INFO CredentialManager] GetCredentialProvider
[2026-03-16 16:06:56Z INFO CredentialManager] Creating type OAuth
[2026-03-16 16:06:56Z INFO CredentialManager] Creating credential type: OAuth
[2026-03-16 16:06:56Z INFO RSAEncryptedFileKeyManager] Loading RSA key parameters from file I:\TuminhAgi\actions-runner\.credentials_rsaparams
[2026-03-16 16:07:46Z INFO ConfigurationStore] HasCredentials()
[2026-03-16 16:07:46Z INFO ConfigurationStore] stored True
[2026-03-16 16:07:46Z INFO CredentialManager] GetCredentialProvider
[2026-03-16 16:07:46Z INFO CredentialManager] Creating type OAuth
[2026-03-16 16:07:46Z INFO CredentialManager] Creating credential type: OAuth
[2026-03-16 16:07:46Z INFO RSAEncryptedFileKeyManager] Loading RSA key parameters from file I:\TuminhAgi\actions-runner\.credentials_rsaparams
[2026-03-16 16:08:37Z INFO ConfigurationStore] HasCredentials()
[2026-03-16 16:08:37Z INFO ConfigurationStore] stored True
[2026-03-16 16:08:37Z INFO CredentialManager] GetCredentialProvider
[2026-03-16 16:08:37Z INFO CredentialManager] Creating type OAuth
[2026-03-16 16:08:37Z INFO CredentialManager] Creating credential type: OAuth
[2026-03-16 16:08:37Z INFO RSAEncryptedFileKeyManager] Loading RSA key parameters from file I:\TuminhAgi\actions-runner\.credentials_rsaparams
[2026-03-16 16:09:28Z INFO ConfigurationStore] HasCredentials()
[2026-03-16 16:09:28Z INFO ConfigurationStore] stored True
[2026-03-16 16:09:28Z INFO CredentialManager] GetCredentialProvider
[2026-03-16 16:09:28Z INFO CredentialManager] Creating type OAuth
[2026-03-16 16:09:28Z INFO CredentialManager] Creating credential type: OAuth
[2026-03-16 16:09:28Z INFO RSAEncryptedFileKeyManager] Loading RSA key parameters from file I:\TuminhAgi\actions-runner\.credentials_rsaparams
[2026-03-16 16:10:18Z INFO ConfigurationStore] HasCredentials()
[2026-03-16 16:10:18Z INFO ConfigurationStore] stored True
[2026-03-16 16:10:18Z INFO CredentialManager] GetCredentialProvider
[2026-03-16 16:10:18Z INFO CredentialManager] Creating type OAuth
[2026-03-16 16:10:18Z INFO CredentialManager] Creating credential type: OAuth
[2026-03-16 16:10:18Z INFO RSAEncryptedFileKeyManager] Loading RSA key parameters from file I:\TuminhAgi\actions-runner\.credentials_rsaparams
[2026-03-16 16:11:09Z INFO ConfigurationStore] HasCredentials()
[2026-03-16 16:11:09Z INFO ConfigurationStore] stored True
[2026-03-16 16:11:09Z INFO CredentialManager] GetCredentialProvider
[2026-03-16 16:11:09Z INFO CredentialManager] Creating type OAuth
[2026-03-16 16:11:09Z INFO CredentialManager] Creating credential type: OAuth
[2026-03-16 16:11:09Z INFO RSAEncryptedFileKeyManager] Loading RSA key parameters from file I:\TuminhAgi\actions-runner\.credentials_rsaparams
[2026-03-16 16:11:59Z INFO ConfigurationStore] HasCredentials()
[2026-03-16 16:11:59Z INFO ConfigurationStore] stored True
[2026-03-16 16:11:59Z INFO CredentialManager] GetCredentialProvider
[2026-03-16 16:11:59Z INFO CredentialManager] Creating type OAuth
[2026-03-16 16:11:59Z INFO CredentialManager] Creating credential type: OAuth
[2026-03-16 16:11:59Z INFO RSAEncryptedFileKeyManager] Loading RSA key parameters from file I:\TuminhAgi\actions-runner\.credentials_rsaparams
[2026-03-16 16:12:50Z INFO ConfigurationStore] HasCredentials()
[2026-03-16 16:12:50Z INFO ConfigurationStore] stored True
[2026-03-16 16:12:50Z INFO CredentialManager] GetCredentialProvider
[2026-03-16 16:12:50Z INFO CredentialManager] Creating type OAuth
[2026-03-16 16:12:50Z INFO CredentialManager] Creating credential type: OAuth
[2026-03-16 16:12:50Z INFO RSAEncryptedFileKeyManager] Loading RSA key parameters from file I:\TuminhAgi\actions-runner\.credentials_rsaparams
[2026-03-16 16:13:41Z INFO ConfigurationStore] HasCredentials()
[2026-03-16 16:13:41Z INFO ConfigurationStore] stored True
[2026-03-16 16:13:41Z INFO CredentialManager] GetCredentialProvider
[2026-03-16 16:13:41Z INFO CredentialManager] Creating type OAuth
[2026-03-16 16:13:41Z INFO CredentialManager] Creating credential type: OAuth
[2026-03-16 16:13:41Z INFO RSAEncryptedFileKeyManager] Loading RSA key parameters from file I:\TuminhAgi\actions-runner\.credentials_rsaparams
[2026-03-16 16:14:31Z INFO ConfigurationStore] HasCredentials()
[2026-03-16 16:14:31Z INFO ConfigurationStore] stored True
[2026-03-16 16:14:31Z INFO CredentialManager] GetCredentialProvider
[2026-03-16 16:14:31Z INFO CredentialManager] Creating type OAuth
[2026-03-16 16:14:31Z INFO CredentialManager] Creating credential type: OAuth
[2026-03-16 16:14:31Z INFO RSAEncryptedFileKeyManager] Loading RSA key parameters from file I:\TuminhAgi\actions-runner\.credentials_rsaparams
[2026-03-16 16:15:22Z INFO ConfigurationStore] HasCredentials()
[2026-03-16 16:15:22Z INFO ConfigurationStore] stored True
[2026-03-16 16:15:22Z INFO CredentialManager] GetCredentialProvider
[2026-03-16 16:15:22Z INFO CredentialManager] Creating type OAuth
[2026-03-16 16:15:22Z INFO CredentialManager] Creating credential type: OAuth
[2026-03-16 16:15:22Z INFO RSAEncryptedFileKeyManager] Loading RSA key parameters from file I:\TuminhAgi\actions-runner\.credentials_rsaparams
[2026-03-16 16:16:13Z INFO ConfigurationStore] HasCredentials()
[2026-03-16 16:16:13Z INFO ConfigurationStore] stored True
[2026-03-16 16:16:13Z INFO CredentialManager] GetCredentialProvider
[2026-03-16 16:16:13Z INFO CredentialManager] Creating type OAuth
[2026-03-16 16:16:13Z INFO CredentialManager] Creating credential type: OAuth
[2026-03-16 16:16:13Z INFO RSAEncryptedFileKeyManager] Loading RSA key parameters from file I:\TuminhAgi\actions-runner\.credentials_rsaparams
[2026-03-16 16:16:24Z INFO MessageListener] Message '6510316905390066142' received from session '19582551-0c75-411c-a46c-542e3b352373'.
[2026-03-16 16:16:24Z INFO MessageListener] Acknowledging runner request 'd14631f6-b8ce-5cfb-8457-7424c4c3caec'.
[2026-03-16 16:16:24Z INFO ConfigurationStore] HasCredentials()
[2026-03-16 16:16:24Z INFO ConfigurationStore] stored True
[2026-03-16 16:16:24Z INFO CredentialManager] GetCredentialProvider
[2026-03-16 16:16:24Z INFO CredentialManager] Creating type OAuth
[2026-03-16 16:16:24Z INFO CredentialManager] Creating credential type: OAuth
[2026-03-16 16:16:24Z INFO RSAEncryptedFileKeyManager] Loading RSA key parameters from file I:\TuminhAgi\actions-runner\.credentials_rsaparams
[2026-03-16 16:16:24Z INFO RSAEncryptedFileKeyManager] Loading RSA key parameters from file I:\TuminhAgi\actions-runner\.credentials_rsaparams
[2026-03-16 16:16:24Z INFO RSAEncryptedFileKeyManager] Loading RSA key parameters from file I:\TuminhAgi\actions-runner\.credentials_rsaparams
[2026-03-16 16:16:25Z INFO GitHubActionsService] AAD Correlation ID for this token request: Unknown
[2026-03-16 16:16:27Z INFO JobDispatcher] Job request 0 for plan 3be23c5d-5930-45c4-b0be-9f8497123a7b job d14631f6-b8ce-5cfb-8457-7424c4c3caec received.
[2026-03-16 16:16:27Z INFO JobDispatcher] Pull OrchestrationId 3be23c5d-5930-45c4-b0be-9f8497123a7b.crawl.__default from JWT claims
[2026-03-16 16:16:27Z INFO MessageListener] Received job status event. JobState: Busy
[2026-03-16 16:16:27Z INFO MessageListener] _getMessagesTokenSource is already disposed.
[2026-03-16 16:16:27Z INFO JobDispatcher] Job request d9555b6e-f07c-5455-a48f-1ca6b72d47fd processed succeed.
[2026-03-16 16:16:27Z INFO Terminal] WRITE LINE: 2026-03-16 16:16:27Z: Running job: Crawl swift
[2026-03-16 16:16:27Z INFO JobDispatcher] Start renew job request 0 for job d14631f6-b8ce-5cfb-8457-7424c4c3caec.
[2026-03-16 16:16:28Z INFO JobDispatcher] Successfully renew job d14631f6-b8ce-5cfb-8457-7424c4c3caec, job is valid till 3/16/2026 4:26:02 PM
[2026-03-16 16:16:28Z INFO HostContext] Well known directory 'Bin': 'I:\TuminhAgi\actions-runner\bin'
[2026-03-16 16:16:28Z INFO ProcessInvokerWrapper] Starting process:
[2026-03-16 16:16:28Z INFO ProcessInvokerWrapper]   File name: 'I:\TuminhAgi\actions-runner\bin\Runner.Worker.exe'
[2026-03-16 16:16:28Z INFO ProcessInvokerWrapper]   Arguments: 'spawnclient 2524 2548'
[2026-03-16 16:16:28Z INFO ProcessInvokerWrapper]   Working directory: 'I:\TuminhAgi\actions-runner\bin'
[2026-03-16 16:16:28Z INFO ProcessInvokerWrapper]   Require exit code zero: 'False'
[2026-03-16 16:16:28Z INFO ProcessInvokerWrapper]   Encoding web name:  ; code page: ''
[2026-03-16 16:16:28Z INFO ProcessInvokerWrapper]   Force kill process on cancellation: 'True'
[2026-03-16 16:16:28Z INFO ProcessInvokerWrapper]   Redirected STDIN: 'False'
[2026-03-16 16:16:28Z INFO ProcessInvokerWrapper]   Persist current code page: 'False'
[2026-03-16 16:16:28Z INFO ProcessInvokerWrapper]   Keep redirected STDIN open: 'False'
[2026-03-16 16:16:28Z INFO ProcessInvokerWrapper]   High priority process: 'True'
[2026-03-16 16:16:28Z INFO ProcessInvokerWrapper] Process started with process id 21444, waiting for process exit.
[2026-03-16 16:16:28Z INFO JobDispatcher] Send job request message to worker for job d14631f6-b8ce-5cfb-8457-7424c4c3caec.
[2026-03-16 16:16:28Z INFO ProcessChannel] Sending message of length 19314, with hash '36d216ac7932900a031569b6720ae5eb21549f33422bc3d35bf0c60240bb8a86'
[2026-03-16 16:16:28Z INFO JobNotification] Entering JobStarted Notification
[2026-03-16 16:16:28Z INFO JobNotification] Entering StartMonitor
[2026-03-16 16:16:28Z INFO ConfigurationStore] HasCredentials()
[2026-03-16 16:16:28Z INFO ConfigurationStore] stored True
[2026-03-16 16:16:28Z INFO CredentialManager] GetCredentialProvider
[2026-03-16 16:16:28Z INFO CredentialManager] Creating type OAuth
[2026-03-16 16:16:28Z INFO CredentialManager] Creating credential type: OAuth
[2026-03-16 16:16:28Z INFO RSAEncryptedFileKeyManager] Loading RSA key parameters from file I:\TuminhAgi\actions-runner\.credentials_rsaparams
[2026-03-16 16:16:42Z INFO ProcessInvokerWrapper] STDOUT/STDERR stream read finished.
[2026-03-16 16:16:42Z INFO ProcessInvokerWrapper] STDOUT/STDERR stream read finished.
[2026-03-16 16:16:42Z INFO ProcessInvokerWrapper] Finished process 21444 with exit code 102, and elapsed time 00:00:14.7783034.
[2026-03-16 16:16:42Z INFO JobDispatcher] Worker finished for job d14631f6-b8ce-5cfb-8457-7424c4c3caec. Code: 102
[2026-03-16 16:16:42Z INFO JobDispatcher] finish job request for job d14631f6-b8ce-5cfb-8457-7424c4c3caec with result: Failed
[2026-03-16 16:16:42Z INFO Terminal] WRITE LINE: 2026-03-16 16:16:42Z: Job Crawl swift completed with result: Failed
[2026-03-16 16:16:42Z INFO JobDispatcher] Stop renew job request for job d14631f6-b8ce-5cfb-8457-7424c4c3caec.
[2026-03-16 16:16:42Z INFO JobDispatcher] job renew has been cancelled, stop renew job d14631f6-b8ce-5cfb-8457-7424c4c3caec.
[2026-03-16 16:16:42Z INFO JobNotification] Entering JobCompleted Notification
[2026-03-16 16:16:42Z INFO JobNotification] Entering EndMonitor
[2026-03-16 16:16:42Z INFO MessageListener] Received job status event. JobState: Online
[2026-03-16 16:17:08Z INFO HostContext] Runner will be shutdown for UserCancelled
[2026-03-16 16:17:08Z WARN GitHubActionsService] GET request to https://broker.actions.githubusercontent.com/message?sessionId=19582551-0c75-411c-a46c-542e3b352373&status=Busy&runnerVersion=2.332.0&os=Windows&architecture=X64&disableUpdate=false has been cancelled.
[2026-03-16 16:17:08Z ERR  BrokerServer] Catch exception during request
[2026-03-16 16:17:08Z ERR  BrokerServer] System.Threading.Tasks.TaskCanceledException: The operation was canceled.
 ---> System.Threading.Tasks.TaskCanceledException: The operation was canceled.
 ---> System.IO.IOException: Unable to read data from the transport connection: The I/O operation has been aborted because of either a thread exit or an application request..
 ---> System.Net.Sockets.SocketException (995): The I/O operation has been aborted because of either a thread exit or an application request.
   --- End of inner exception stack trace ---
   at System.Net.Sockets.Socket.AwaitableSocketAsyncEventArgs.ThrowException(SocketError error, CancellationToken cancellationToken)
   at System.Net.Sockets.Socket.AwaitableSocketAsyncEventArgs.System.Threading.Tasks.Sources.IValueTaskSource<System.Int32>.GetResult(Int16 token)
   at System.Net.Security.SslStream.EnsureFullTlsFrameAsync[TIOAdapter](CancellationToken cancellationToken, Int32 estimatedSize)
   at System.Runtime.CompilerServices.PoolingAsyncValueTaskMethodBuilder`1.StateMachineBox`1.System.Threading.Tasks.Sources.IValueTaskSource<TResult>.GetResult(Int16 token)
   at System.Net.Security.SslStream.ReadAsyncInternal[TIOAdapter](Memory`1 buffer, CancellationToken cancellationToken)
   at System.Runtime.CompilerServices.PoolingAsyncValueTaskMethodBuilder`1.StateMachineBox`1.System.Threading.Tasks.Sources.IValueTaskSource<TResult>.GetResult(Int16 token)
   at System.Net.Http.HttpConnection.SendAsync(HttpRequestMessage request, Boolean async, CancellationToken cancellationToken)
   --- End of inner exception stack trace ---
   at System.Net.Http.HttpConnection.SendAsync(HttpRequestMessage request, Boolean async, CancellationToken cancellationToken)
   at System.Net.Http.AuthenticationHelper.SendWithNtAuthAsync(HttpRequestMessage request, Uri authUri, Boolean async, ICredentials credentials, Boolean isProxyAuth, HttpConnection connection, HttpConnectionPool connectionPool, CancellationToken cancellationToken)
   at System.Net.Http.HttpConnectionPool.SendWithVersionDetectionAndRetryAsync(HttpRequestMessage request, Boolean async, Boolean doRequestAuth, CancellationToken cancellationToken)
   at System.Net.Http.AuthenticationHelper.SendWithAuthAsync(HttpRequestMessage request, Uri authUri, Boolean async, ICredentials credentials, Boolean preAuthenticate, Boolean isProxyAuth, Boolean doRequestAuth, HttpConnectionPool pool, CancellationToken cancellationToken)
   at System.Net.Http.RedirectHandler.SendAsync(HttpRequestMessage request, Boolean async, CancellationToken cancellationToken)
   at GitHub.Services.Common.RawHttpMessageHandler.SendAsync(HttpRequestMessage request, CancellationToken cancellationToken)
   at GitHub.Services.Common.VssHttpRetryMessageHandler.SendAsync(HttpRequestMessage request, CancellationToken cancellationToken)
   at System.Net.Http.HttpClient.<SendAsync>g__Core|83_0(HttpRequestMessage request, HttpCompletionOption completionOption, CancellationTokenSource cts, Boolean disposeCts, CancellationTokenSource pendingRequestsCts, CancellationToken originalCancellationToken)
   --- End of inner exception stack trace ---
   at System.Net.Http.HttpClient.HandleFailure(Exception e, Boolean telemetryStarted, HttpResponseMessage response, CancellationTokenSource cts, CancellationToken cancellationToken, CancellationTokenSource pendingRequestsCts)
   at System.Net.Http.HttpClient.<SendAsync>g__Core|83_0(HttpRequestMessage request, HttpCompletionOption completionOption, CancellationTokenSource cts, Boolean disposeCts, CancellationTokenSource pendingRequestsCts, CancellationToken originalCancellationToken)
   at Sdk.WebApi.WebApi.RawHttpClientBase.SendAsync(HttpRequestMessage message, HttpCompletionOption completionOption, Object userState, CancellationToken cancellationToken)
   at Sdk.WebApi.WebApi.RawHttpClientBase.SendAsync[T](HttpRequestMessage message, Boolean readErrorBody, Object userState, CancellationToken cancellationToken)
   at Sdk.WebApi.WebApi.RawHttpClientBase.SendAsync[T](HttpMethod method, IEnumerable`1 additionalHeaders, Uri requestUri, HttpContent content, IEnumerable`1 queryParameters, Boolean readErrorBody, Object userState, CancellationToken cancellationToken)
   at GitHub.Actions.RunService.WebApi.BrokerHttpClient.GetRunnerMessageAsync(Nullable`1 sessionId, String runnerVersion, Nullable`1 status, String os, String architecture, Nullable`1 disableUpdate, CancellationToken cancellationToken)
   at GitHub.Runner.Common.BrokerServer.<>c__DisplayClass7_0.<<GetRunnerMessageAsync>b__0>d.MoveNext()
--- End of stack trace from previous location ---
   at GitHub.Runner.Common.RunnerService.RetryRequest[T](Func`1 func, CancellationToken cancellationToken, Int32 maxAttempts, Func`2 shouldRetry)
[2026-03-16 16:17:08Z ERR  BrokerServer] #####################################################
[2026-03-16 16:17:08Z ERR  BrokerServer] System.Threading.Tasks.TaskCanceledException: The operation was canceled.
 ---> System.IO.IOException: Unable to read data from the transport connection: The I/O operation has been aborted because of either a thread exit or an application request..
 ---> System.Net.Sockets.SocketException (995): The I/O operation has been aborted because of either a thread exit or an application request.
   --- End of inner exception stack trace ---
   at System.Net.Sockets.Socket.AwaitableSocketAsyncEventArgs.ThrowException(SocketError error, CancellationToken cancellationToken)
   at System.Net.Sockets.Socket.AwaitableSocketAsyncEventArgs.System.Threading.Tasks.Sources.IValueTaskSource<System.Int32>.GetResult(Int16 token)
   at System.Net.Security.SslStream.EnsureFullTlsFrameAsync[TIOAdapter](CancellationToken cancellationToken, Int32 estimatedSize)
   at System.Runtime.CompilerServices.PoolingAsyncValueTaskMethodBuilder`1.StateMachineBox`1.System.Threading.Tasks.Sources.IValueTaskSource<TResult>.GetResult(Int16 token)
   at System.Net.Security.SslStream.ReadAsyncInternal[TIOAdapter](Memory`1 buffer, CancellationToken cancellationToken)
   at System.Runtime.CompilerServices.PoolingAsyncValueTaskMethodBuilder`1.StateMachineBox`1.System.Threading.Tasks.Sources.IValueTaskSource<TResult>.GetResult(Int16 token)
   at System.Net.Http.HttpConnection.SendAsync(HttpRequestMessage request, Boolean async, CancellationToken cancellationToken)
   --- End of inner exception stack trace ---
   at System.Net.Http.HttpConnection.SendAsync(HttpRequestMessage request, Boolean async, CancellationToken cancellationToken)
   at System.Net.Http.AuthenticationHelper.SendWithNtAuthAsync(HttpRequestMessage request, Uri authUri, Boolean async, ICredentials credentials, Boolean isProxyAuth, HttpConnection connection, HttpConnectionPool connectionPool, CancellationToken cancellationToken)
   at System.Net.Http.HttpConnectionPool.SendWithVersionDetectionAndRetryAsync(HttpRequestMessage request, Boolean async, Boolean doRequestAuth, CancellationToken cancellationToken)
   at System.Net.Http.AuthenticationHelper.SendWithAuthAsync(HttpRequestMessage request, Uri authUri, Boolean async, ICredentials credentials, Boolean preAuthenticate, Boolean isProxyAuth, Boolean doRequestAuth, HttpConnectionPool pool, CancellationToken cancellationToken)
   at System.Net.Http.RedirectHandler.SendAsync(HttpRequestMessage request, Boolean async, CancellationToken cancellationToken)
   at GitHub.Services.Common.RawHttpMessageHandler.SendAsync(HttpRequestMessage request, CancellationToken cancellationToken)
   at GitHub.Services.Common.VssHttpRetryMessageHandler.SendAsync(HttpRequestMessage request, CancellationToken cancellationToken)
   at System.Net.Http.HttpClient.<SendAsync>g__Core|83_0(HttpRequestMessage request, HttpCompletionOption completionOption, CancellationTokenSource cts, Boolean disposeCts, CancellationTokenSource pendingRequestsCts, CancellationToken originalCancellationToken)
[2026-03-16 16:17:08Z ERR  BrokerServer] #####################################################
[2026-03-16 16:17:08Z ERR  BrokerServer] System.IO.IOException: Unable to read data from the transport connection: The I/O operation has been aborted because of either a thread exit or an application request..
 ---> System.Net.Sockets.SocketException (995): The I/O operation has been aborted because of either a thread exit or an application request.
   --- End of inner exception stack trace ---
   at System.Net.Sockets.Socket.AwaitableSocketAsyncEventArgs.ThrowException(SocketError error, CancellationToken cancellationToken)
   at System.Net.Sockets.Socket.AwaitableSocketAsyncEventArgs.System.Threading.Tasks.Sources.IValueTaskSource<System.Int32>.GetResult(Int16 token)
   at System.Net.Security.SslStream.EnsureFullTlsFrameAsync[TIOAdapter](CancellationToken cancellationToken, Int32 estimatedSize)
   at System.Runtime.CompilerServices.PoolingAsyncValueTaskMethodBuilder`1.StateMachineBox`1.System.Threading.Tasks.Sources.IValueTaskSource<TResult>.GetResult(Int16 token)
   at System.Net.Security.SslStream.ReadAsyncInternal[TIOAdapter](Memory`1 buffer, CancellationToken cancellationToken)
   at System.Runtime.CompilerServices.PoolingAsyncValueTaskMethodBuilder`1.StateMachineBox`1.System.Threading.Tasks.Sources.IValueTaskSource<TResult>.GetResult(Int16 token)
   at System.Net.Http.HttpConnection.SendAsync(HttpRequestMessage request, Boolean async, CancellationToken cancellationToken)
[2026-03-16 16:17:08Z ERR  BrokerServer] #####################################################
[2026-03-16 16:17:08Z ERR  BrokerServer] System.Net.Sockets.SocketException (995): The I/O operation has been aborted because of either a thread exit or an application request.
[2026-03-16 16:17:08Z WARN BrokerServer] Back off 14.893 seconds before next retry. 4 attempt left.
[2026-03-16 16:17:08Z INFO MessageListener] Get next message has been cancelled.
[2026-03-16 16:17:08Z INFO JobDispatcher] Shutting down JobDispatcher. Make sure all WorkerDispatcher has finished.
[2026-03-16 16:17:08Z INFO JobDispatcher] Ensure WorkerDispatcher for job d14631f6-b8ce-5cfb-8457-7424c4c3caec run to finish, cancel any running job.
[2026-03-16 16:17:08Z INFO JobDispatcher] Job request d14631f6-b8ce-5cfb-8457-7424c4c3caec processed succeed.
[2026-03-16 16:17:08Z INFO Runner] Deleting Runner Session...
