[2026-03-16 16:51:20Z INFO HostContext] No proxy settings were found based on environmental variables (http_proxy/https_proxy/HTTP_PROXY/HTTPS_PROXY)
[2026-03-16 16:51:20Z INFO HostContext] Well known directory 'Bin': 'I:\TuminhAgi\actions-runner\bin'
[2026-03-16 16:51:20Z INFO HostContext] Well known directory 'Root': 'I:\TuminhAgi\actions-runner'
[2026-03-16 16:51:20Z INFO HostContext] Well known config file 'Credentials': 'I:\TuminhAgi\actions-runner\.credentials'
[2026-03-16 16:51:20Z INFO HostContext] Well known directory 'Bin': 'I:\TuminhAgi\actions-runner\bin'
[2026-03-16 16:51:20Z INFO HostContext] Well known directory 'Root': 'I:\TuminhAgi\actions-runner'
[2026-03-16 16:51:20Z INFO HostContext] Well known config file 'Runner': 'I:\TuminhAgi\actions-runner\.runner'
[2026-03-16 16:51:20Z INFO Listener] Runner is built for Windows (X64) - win-x64.
[2026-03-16 16:51:20Z INFO Listener] RuntimeInformation: Microsoft Windows 10.0.19045.
[2026-03-16 16:51:20Z INFO Listener] Version: 2.332.0
[2026-03-16 16:51:20Z INFO Listener] Commit: a153d802ff96c51ac1b8d72dd8a38ebe830398fc
[2026-03-16 16:51:20Z INFO Listener] Culture: en-US
[2026-03-16 16:51:20Z INFO Listener] UI Culture: en-US
[2026-03-16 16:51:20Z INFO HostContext] Well known directory 'Bin': 'I:\TuminhAgi\actions-runner\bin'
[2026-03-16 16:51:20Z INFO HostContext] Well known directory 'Root': 'I:\TuminhAgi\actions-runner'
[2026-03-16 16:51:20Z INFO Listener] Validating directory permissions for: 'I:\TuminhAgi\actions-runner'
[2026-03-16 16:51:20Z INFO CommandLineParser] Parse
[2026-03-16 16:51:20Z INFO CommandLineParser] Parsing 1 args
[2026-03-16 16:51:20Z INFO CommandLineParser] parsing argument
[2026-03-16 16:51:20Z INFO CommandLineParser] HasArgs: False
[2026-03-16 16:51:20Z INFO CommandLineParser] Adding Command: run
[2026-03-16 16:51:20Z INFO Listener] Arguments parsed
[2026-03-16 16:51:20Z INFO Runner] ExecuteCommand
[2026-03-16 16:51:20Z INFO ConfigurationStore] currentAssemblyLocation: I:\TuminhAgi\actions-runner\bin\Runner.Listener.dll
[2026-03-16 16:51:20Z INFO HostContext] Well known directory 'Bin': 'I:\TuminhAgi\actions-runner\bin'
[2026-03-16 16:51:20Z INFO ConfigurationStore] binPath: I:\TuminhAgi\actions-runner\bin
[2026-03-16 16:51:20Z INFO HostContext] Well known directory 'Bin': 'I:\TuminhAgi\actions-runner\bin'
[2026-03-16 16:51:20Z INFO HostContext] Well known directory 'Root': 'I:\TuminhAgi\actions-runner'
[2026-03-16 16:51:20Z INFO ConfigurationStore] RootFolder: I:\TuminhAgi\actions-runner
[2026-03-16 16:51:20Z INFO HostContext] Well known directory 'Bin': 'I:\TuminhAgi\actions-runner\bin'
[2026-03-16 16:51:20Z INFO HostContext] Well known directory 'Root': 'I:\TuminhAgi\actions-runner'
[2026-03-16 16:51:20Z INFO HostContext] Well known config file 'Runner': 'I:\TuminhAgi\actions-runner\.runner'
[2026-03-16 16:51:20Z INFO ConfigurationStore] ConfigFilePath: I:\TuminhAgi\actions-runner\.runner
[2026-03-16 16:51:20Z INFO HostContext] Well known directory 'Bin': 'I:\TuminhAgi\actions-runner\bin'
[2026-03-16 16:51:20Z INFO HostContext] Well known directory 'Root': 'I:\TuminhAgi\actions-runner'
[2026-03-16 16:51:20Z INFO HostContext] Well known config file 'MigratedRunner': 'I:\TuminhAgi\actions-runner\.runner_migrated'
[2026-03-16 16:51:20Z INFO ConfigurationStore] MigratedConfigFilePath: I:\TuminhAgi\actions-runner\.runner_migrated
[2026-03-16 16:51:20Z INFO HostContext] Well known directory 'Bin': 'I:\TuminhAgi\actions-runner\bin'
[2026-03-16 16:51:20Z INFO HostContext] Well known directory 'Root': 'I:\TuminhAgi\actions-runner'
[2026-03-16 16:51:20Z INFO HostContext] Well known config file 'Credentials': 'I:\TuminhAgi\actions-runner\.credentials'
[2026-03-16 16:51:20Z INFO ConfigurationStore] CredFilePath: I:\TuminhAgi\actions-runner\.credentials
[2026-03-16 16:51:20Z INFO HostContext] Well known directory 'Bin': 'I:\TuminhAgi\actions-runner\bin'
[2026-03-16 16:51:20Z INFO HostContext] Well known directory 'Root': 'I:\TuminhAgi\actions-runner'
[2026-03-16 16:51:20Z INFO HostContext] Well known config file 'MigratedCredentials': 'I:\TuminhAgi\actions-runner\.credentials_migrated'
[2026-03-16 16:51:20Z INFO ConfigurationStore] MigratedCredFilePath: I:\TuminhAgi\actions-runner\.credentials_migrated
[2026-03-16 16:51:20Z INFO HostContext] Well known directory 'Bin': 'I:\TuminhAgi\actions-runner\bin'
[2026-03-16 16:51:20Z INFO HostContext] Well known directory 'Root': 'I:\TuminhAgi\actions-runner'
[2026-03-16 16:51:20Z INFO HostContext] Well known config file 'Service': 'I:\TuminhAgi\actions-runner\.service'
[2026-03-16 16:51:20Z INFO ConfigurationStore] ServiceConfigFilePath: I:\TuminhAgi\actions-runner\.service
[2026-03-16 16:51:20Z INFO CommandSettings] Flag 'help': 'False'
[2026-03-16 16:51:20Z INFO CommandSettings] Flag 'version': 'False'
[2026-03-16 16:51:20Z INFO CommandSettings] Flag 'commit': 'False'
[2026-03-16 16:51:20Z INFO CommandSettings] Flag 'check': 'False'
[2026-03-16 16:51:20Z INFO CommandSettings] Command 'configure': 'False'
[2026-03-16 16:51:20Z INFO CommandSettings] Command 'remove': 'False'
[2026-03-16 16:51:20Z INFO CommandSettings] Command 'warmup': 'False'
[2026-03-16 16:51:20Z INFO ConfigurationManager] LoadSettings
[2026-03-16 16:51:20Z INFO ConfigurationStore] IsConfigured()
[2026-03-16 16:51:20Z INFO ConfigurationStore] IsConfigured: True
[2026-03-16 16:51:20Z INFO ConfigurationManager] Is configured: True
[2026-03-16 16:51:20Z INFO ConfigurationStore] Read setting file: 312 chars
[2026-03-16 16:51:20Z INFO ConfigurationManager] Settings Loaded
[2026-03-16 16:51:20Z INFO ConfigurationStore] IsServiceConfigured()
[2026-03-16 16:51:20Z INFO ConfigurationStore] IsServiceConfigured: False
[2026-03-16 16:51:20Z INFO CommandSettings] Command 'run': 'True'
[2026-03-16 16:51:20Z INFO ConfigurationStore] IsConfigured()
[2026-03-16 16:51:20Z INFO ConfigurationStore] IsConfigured: True
[2026-03-16 16:51:20Z INFO ConfigurationManager] Is configured: True
[2026-03-16 16:51:20Z INFO Runner] Could not parse the argument value '' for StartupType. Defaulting to Manual
[2026-03-16 16:51:20Z INFO Runner] Set runner startup type - Manual
[2026-03-16 16:51:20Z INFO CommandSettings] Flag 'once': 'False'
[2026-03-16 16:51:20Z INFO CommandSettings] Flag 'once': 'False'
[2026-03-16 16:51:20Z INFO Runner] RunAsync
[2026-03-16 16:51:20Z INFO HostContext] Well known directory 'Bin': 'I:\TuminhAgi\actions-runner\bin'
[2026-03-16 16:51:20Z INFO HostContext] Well known directory 'Root': 'I:\TuminhAgi\actions-runner'
[2026-03-16 16:51:20Z INFO HostContext] Well known directory 'Work': 'I:\TuminhAgi\actions-runner\_work'
[2026-03-16 16:51:20Z INFO Runner] Validating directory permissions for: 'I:\TuminhAgi\actions-runner\_work'
[2026-03-16 16:51:20Z INFO ConfigurationManager] LoadMigratedSettings
[2026-03-16 16:51:20Z INFO ConfigurationStore] IsMigratedConfigured()
[2026-03-16 16:51:20Z INFO ConfigurationStore] IsMigratedConfigured: False
[2026-03-16 16:51:20Z INFO Runner] Failed to load migrated settings: No migrated configuration found.
[2026-03-16 16:51:20Z INFO Runner] Falling back to original .runner settings
[2026-03-16 16:51:20Z INFO ConfigurationManager] LoadSettings
[2026-03-16 16:51:20Z INFO ConfigurationStore] IsConfigured()
[2026-03-16 16:51:20Z INFO ConfigurationStore] IsConfigured: True
[2026-03-16 16:51:20Z INFO ConfigurationManager] Is configured: True
[2026-03-16 16:51:20Z INFO ConfigurationManager] Settings Loaded
[2026-03-16 16:51:20Z INFO MessageListener] {
  "AgentId": 21,
  "AgentName": "Tuminh-RTX3060",
  "PoolId": 1,
  "PoolName": "Default",
  "ServerUrl": "https://pipelinesghubeus5.actions.githubusercontent.com/lQuym46z0EV1Uxw8x5vApYoxh3ifmwKI9HbQj9CvrLNGJpao6k/",
  "GitHubUrl": "https://github.com/AnonVertex123/TuminhAgi",
  "WorkFolder": "_work"
}
[2026-03-16 16:51:20Z INFO MessageListener] Loading Credentials
[2026-03-16 16:51:20Z INFO ConfigurationStore] HasCredentials()
[2026-03-16 16:51:20Z INFO ConfigurationStore] stored True
[2026-03-16 16:51:20Z INFO CredentialManager] GetCredentialProvider
[2026-03-16 16:51:20Z INFO CredentialManager] Creating type OAuth
[2026-03-16 16:51:20Z INFO CredentialManager] Creating credential type: OAuth
[2026-03-16 16:51:20Z INFO HostContext] Well known directory 'Bin': 'I:\TuminhAgi\actions-runner\bin'
[2026-03-16 16:51:20Z INFO HostContext] Well known directory 'Root': 'I:\TuminhAgi\actions-runner'
[2026-03-16 16:51:20Z INFO HostContext] Well known config file 'RSACredentials': 'I:\TuminhAgi\actions-runner\.credentials_rsaparams'
[2026-03-16 16:51:20Z INFO RSAEncryptedFileKeyManager] Loading RSA key parameters from file I:\TuminhAgi\actions-runner\.credentials_rsaparams
[2026-03-16 16:51:20Z INFO MessageListener] Attempt to create session.
[2026-03-16 16:51:20Z INFO MessageListener] Connecting to the Runner Server...
[2026-03-16 16:51:20Z INFO RunnerServer] EstablishVssConnection
[2026-03-16 16:51:20Z INFO RunnerServer] Establish connection with 100 seconds timeout.
[2026-03-16 16:51:20Z INFO GitHubActionsService] Starting operation Location.GetConnectionData
[2026-03-16 16:51:20Z INFO RunnerServer] EstablishVssConnection
[2026-03-16 16:51:20Z INFO RunnerServer] Establish connection with 60 seconds timeout.
[2026-03-16 16:51:20Z INFO GitHubActionsService] Starting operation Location.GetConnectionData
[2026-03-16 16:51:20Z INFO RunnerServer] EstablishVssConnection
[2026-03-16 16:51:20Z INFO RunnerServer] Establish connection with 60 seconds timeout.
[2026-03-16 16:51:20Z INFO GitHubActionsService] Starting operation Location.GetConnectionData
[2026-03-16 16:51:21Z INFO GitHubActionsService] Finished operation Location.GetConnectionData
[2026-03-16 16:51:21Z INFO GitHubActionsService] Finished operation Location.GetConnectionData
[2026-03-16 16:51:21Z INFO GitHubActionsService] Finished operation Location.GetConnectionData
[2026-03-16 16:51:21Z INFO MessageListener] VssConnection created
[2026-03-16 16:51:21Z INFO Terminal] WRITE LINE: 
[2026-03-16 16:51:21Z INFO Terminal] WRITE LINE: 
[2026-03-16 16:51:21Z INFO RSAEncryptedFileKeyManager] Loading RSA key parameters from file I:\TuminhAgi\actions-runner\.credentials_rsaparams
[2026-03-16 16:51:21Z INFO RSAEncryptedFileKeyManager] Loading RSA key parameters from file I:\TuminhAgi\actions-runner\.credentials_rsaparams
[2026-03-16 16:51:23Z INFO GitHubActionsService] AAD Correlation ID for this token request: Unknown
[2026-03-16 16:51:23Z INFO MessageListener] Session created.
[2026-03-16 16:51:23Z INFO MessageListener] Registering AuthMigrationChanged event handler.
[2026-03-16 16:51:23Z INFO Terminal] WRITE LINE: Current runner version: '2.332.0'
[2026-03-16 16:51:23Z INFO Terminal] WRITE LINE: 2026-03-16 16:51:23Z: Listening for Jobs
[2026-03-16 16:51:23Z INFO JobDispatcher] Set runner/worker IPC timeout to 30 seconds.
[2026-03-16 16:51:23Z INFO ConfigurationStore] HasCredentials()
[2026-03-16 16:51:23Z INFO ConfigurationStore] stored True
[2026-03-16 16:51:23Z INFO CredentialManager] GetCredentialProvider
[2026-03-16 16:51:23Z INFO CredentialManager] Creating type OAuth
[2026-03-16 16:51:23Z INFO CredentialManager] Creating credential type: OAuth
[2026-03-16 16:51:23Z INFO RSAEncryptedFileKeyManager] Loading RSA key parameters from file I:\TuminhAgi\actions-runner\.credentials_rsaparams
[2026-03-16 16:51:23Z INFO RSAEncryptedFileKeyManager] Loading RSA key parameters from file I:\TuminhAgi\actions-runner\.credentials_rsaparams
[2026-03-16 16:51:23Z INFO RSAEncryptedFileKeyManager] Loading RSA key parameters from file I:\TuminhAgi\actions-runner\.credentials_rsaparams
[2026-03-16 16:51:24Z INFO GitHubActionsService] AAD Correlation ID for this token request: Unknown
[2026-03-16 16:51:26Z INFO MessageListener] Message '2795672281847169517' received from session '17e05e9b-18e3-409e-8c9c-f9a22f74c895'.
[2026-03-16 16:51:26Z INFO MessageListener] Acknowledging runner request 'a6799518-040d-546f-8379-dbdcd62f8f0b'.
[2026-03-16 16:51:26Z INFO ConfigurationStore] HasCredentials()
[2026-03-16 16:51:26Z INFO ConfigurationStore] stored True
[2026-03-16 16:51:26Z INFO CredentialManager] GetCredentialProvider
[2026-03-16 16:51:26Z INFO CredentialManager] Creating type OAuth
[2026-03-16 16:51:26Z INFO CredentialManager] Creating credential type: OAuth
[2026-03-16 16:51:26Z INFO RSAEncryptedFileKeyManager] Loading RSA key parameters from file I:\TuminhAgi\actions-runner\.credentials_rsaparams
[2026-03-16 16:51:26Z INFO RSAEncryptedFileKeyManager] Loading RSA key parameters from file I:\TuminhAgi\actions-runner\.credentials_rsaparams
[2026-03-16 16:51:26Z INFO RSAEncryptedFileKeyManager] Loading RSA key parameters from file I:\TuminhAgi\actions-runner\.credentials_rsaparams
[2026-03-16 16:51:27Z INFO GitHubActionsService] AAD Correlation ID for this token request: Unknown
[2026-03-16 16:51:29Z INFO JobDispatcher] Job request 0 for plan 911d9cc4-9eea-48cd-a80e-3b89b7871389 job a6799518-040d-546f-8379-dbdcd62f8f0b received.
[2026-03-16 16:51:29Z INFO JobDispatcher] Pull OrchestrationId 911d9cc4-9eea-48cd-a80e-3b89b7871389.crawl.__default from JWT claims
[2026-03-16 16:51:29Z INFO MessageListener] Received job status event. JobState: Busy
[2026-03-16 16:51:29Z INFO MessageListener] _getMessagesTokenSource is already disposed.
[2026-03-16 16:51:29Z INFO Terminal] WRITE LINE: 2026-03-16 16:51:29Z: Running job: Crawl swift
[2026-03-16 16:51:29Z INFO JobDispatcher] Start renew job request 0 for job a6799518-040d-546f-8379-dbdcd62f8f0b.
[2026-03-16 16:51:30Z INFO JobDispatcher] Successfully renew job a6799518-040d-546f-8379-dbdcd62f8f0b, job is valid till 3/16/2026 5:01:05 PM
[2026-03-16 16:51:30Z INFO HostContext] Well known directory 'Bin': 'I:\TuminhAgi\actions-runner\bin'
[2026-03-16 16:51:30Z INFO ProcessInvokerWrapper] Starting process:
[2026-03-16 16:51:30Z INFO ProcessInvokerWrapper]   File name: 'I:\TuminhAgi\actions-runner\bin\Runner.Worker.exe'
[2026-03-16 16:51:30Z INFO ProcessInvokerWrapper]   Arguments: 'spawnclient 2188 2200'
[2026-03-16 16:51:30Z INFO ProcessInvokerWrapper]   Working directory: 'I:\TuminhAgi\actions-runner\bin'
[2026-03-16 16:51:30Z INFO ProcessInvokerWrapper]   Require exit code zero: 'False'
[2026-03-16 16:51:30Z INFO ProcessInvokerWrapper]   Encoding web name:  ; code page: ''
[2026-03-16 16:51:30Z INFO ProcessInvokerWrapper]   Force kill process on cancellation: 'True'
[2026-03-16 16:51:30Z INFO ProcessInvokerWrapper]   Redirected STDIN: 'False'
[2026-03-16 16:51:30Z INFO ProcessInvokerWrapper]   Persist current code page: 'False'
[2026-03-16 16:51:30Z INFO ProcessInvokerWrapper]   Keep redirected STDIN open: 'False'
[2026-03-16 16:51:30Z INFO ProcessInvokerWrapper]   High priority process: 'True'
[2026-03-16 16:51:30Z INFO ProcessInvokerWrapper] Process started with process id 27536, waiting for process exit.
[2026-03-16 16:51:30Z INFO JobDispatcher] Send job request message to worker for job a6799518-040d-546f-8379-dbdcd62f8f0b.
[2026-03-16 16:51:30Z INFO ProcessChannel] Sending message of length 19392, with hash 'b8a4329aefc6288e55f0a7059bc2bd0cb4a3aad6590f6913b6dfd791a78ba062'
[2026-03-16 16:51:30Z INFO JobNotification] Entering JobStarted Notification
[2026-03-16 16:51:30Z INFO JobNotification] Entering StartMonitor
[2026-03-16 16:51:31Z INFO ConfigurationStore] HasCredentials()
[2026-03-16 16:51:31Z INFO ConfigurationStore] stored True
[2026-03-16 16:51:31Z INFO CredentialManager] GetCredentialProvider
[2026-03-16 16:51:31Z INFO CredentialManager] Creating type OAuth
[2026-03-16 16:51:31Z INFO CredentialManager] Creating credential type: OAuth
[2026-03-16 16:51:31Z INFO RSAEncryptedFileKeyManager] Loading RSA key parameters from file I:\TuminhAgi\actions-runner\.credentials_rsaparams
[2026-03-16 16:51:44Z INFO ProcessInvokerWrapper] STDOUT/STDERR stream read finished.
[2026-03-16 16:51:44Z INFO ProcessInvokerWrapper] STDOUT/STDERR stream read finished.
[2026-03-16 16:51:44Z INFO ProcessInvokerWrapper] Finished process 27536 with exit code 102, and elapsed time 00:00:13.8760079.
[2026-03-16 16:51:44Z INFO JobDispatcher] Worker finished for job a6799518-040d-546f-8379-dbdcd62f8f0b. Code: 102
[2026-03-16 16:51:44Z INFO JobDispatcher] finish job request for job a6799518-040d-546f-8379-dbdcd62f8f0b with result: Failed
[2026-03-16 16:51:44Z INFO Terminal] WRITE LINE: 2026-03-16 16:51:44Z: Job Crawl swift completed with result: Failed
[2026-03-16 16:51:44Z INFO JobDispatcher] Stop renew job request for job a6799518-040d-546f-8379-dbdcd62f8f0b.
[2026-03-16 16:51:44Z INFO JobDispatcher] job renew has been cancelled, stop renew job a6799518-040d-546f-8379-dbdcd62f8f0b.
[2026-03-16 16:51:44Z INFO JobNotification] Entering JobCompleted Notification
[2026-03-16 16:51:44Z INFO JobNotification] Entering EndMonitor
[2026-03-16 16:51:44Z INFO MessageListener] Received job status event. JobState: Online
[2026-03-16 16:51:59Z INFO MessageListener] Message '7825572048190807673' received from session '17e05e9b-18e3-409e-8c9c-f9a22f74c895'.
[2026-03-16 16:51:59Z INFO MessageListener] Acknowledging runner request 'a6b0416a-806b-522a-b14a-54332d764e76'.
[2026-03-16 16:51:59Z INFO ConfigurationStore] HasCredentials()
[2026-03-16 16:51:59Z INFO ConfigurationStore] stored True
[2026-03-16 16:51:59Z INFO CredentialManager] GetCredentialProvider
[2026-03-16 16:51:59Z INFO CredentialManager] Creating type OAuth
[2026-03-16 16:51:59Z INFO CredentialManager] Creating credential type: OAuth
[2026-03-16 16:51:59Z INFO RSAEncryptedFileKeyManager] Loading RSA key parameters from file I:\TuminhAgi\actions-runner\.credentials_rsaparams
[2026-03-16 16:51:59Z INFO RSAEncryptedFileKeyManager] Loading RSA key parameters from file I:\TuminhAgi\actions-runner\.credentials_rsaparams
[2026-03-16 16:51:59Z INFO RSAEncryptedFileKeyManager] Loading RSA key parameters from file I:\TuminhAgi\actions-runner\.credentials_rsaparams
[2026-03-16 16:52:00Z INFO GitHubActionsService] AAD Correlation ID for this token request: Unknown
[2026-03-16 16:52:02Z INFO JobDispatcher] Job request 0 for plan b45dc791-e860-45db-bb3e-9b0c2a2722ee job a6b0416a-806b-522a-b14a-54332d764e76 received.
[2026-03-16 16:52:02Z INFO JobDispatcher] Pull OrchestrationId b45dc791-e860-45db-bb3e-9b0c2a2722ee.crawl.__default from JWT claims
[2026-03-16 16:52:02Z INFO MessageListener] Received job status event. JobState: Busy
[2026-03-16 16:52:02Z INFO MessageListener] _getMessagesTokenSource is already disposed.
[2026-03-16 16:52:02Z INFO JobDispatcher] Job request a6799518-040d-546f-8379-dbdcd62f8f0b processed succeed.
[2026-03-16 16:52:02Z INFO Terminal] WRITE LINE: 2026-03-16 16:52:02Z: Running job: Crawl swift
[2026-03-16 16:52:02Z INFO JobDispatcher] Start renew job request 0 for job a6b0416a-806b-522a-b14a-54332d764e76.
[2026-03-16 16:52:03Z INFO JobDispatcher] Successfully renew job a6b0416a-806b-522a-b14a-54332d764e76, job is valid till 3/16/2026 5:01:38 PM
[2026-03-16 16:52:03Z INFO HostContext] Well known directory 'Bin': 'I:\TuminhAgi\actions-runner\bin'
[2026-03-16 16:52:03Z INFO ProcessInvokerWrapper] Starting process:
[2026-03-16 16:52:03Z INFO ProcessInvokerWrapper]   File name: 'I:\TuminhAgi\actions-runner\bin\Runner.Worker.exe'
[2026-03-16 16:52:03Z INFO ProcessInvokerWrapper]   Arguments: 'spawnclient 1312 1748'
[2026-03-16 16:52:03Z INFO ProcessInvokerWrapper]   Working directory: 'I:\TuminhAgi\actions-runner\bin'
[2026-03-16 16:52:03Z INFO ProcessInvokerWrapper]   Require exit code zero: 'False'
[2026-03-16 16:52:03Z INFO ProcessInvokerWrapper]   Encoding web name:  ; code page: ''
[2026-03-16 16:52:03Z INFO ProcessInvokerWrapper]   Force kill process on cancellation: 'True'
[2026-03-16 16:52:03Z INFO ProcessInvokerWrapper]   Redirected STDIN: 'False'
[2026-03-16 16:52:03Z INFO ProcessInvokerWrapper]   Persist current code page: 'False'
[2026-03-16 16:52:03Z INFO ProcessInvokerWrapper]   Keep redirected STDIN open: 'False'
[2026-03-16 16:52:03Z INFO ProcessInvokerWrapper]   High priority process: 'True'
[2026-03-16 16:52:03Z INFO ProcessInvokerWrapper] Process started with process id 21624, waiting for process exit.
[2026-03-16 16:52:03Z INFO JobDispatcher] Send job request message to worker for job a6b0416a-806b-522a-b14a-54332d764e76.
[2026-03-16 16:52:03Z INFO ProcessChannel] Sending message of length 19394, with hash '3e305a13419cd04664a204b58b521a5ba482aaeb81539ec0b6078a6a6f15d4d4'
[2026-03-16 16:52:03Z INFO JobNotification] Entering JobStarted Notification
[2026-03-16 16:52:03Z INFO JobNotification] Entering StartMonitor
[2026-03-16 16:52:03Z INFO ConfigurationStore] HasCredentials()
[2026-03-16 16:52:03Z INFO ConfigurationStore] stored True
[2026-03-16 16:52:03Z INFO CredentialManager] GetCredentialProvider
[2026-03-16 16:52:03Z INFO CredentialManager] Creating type OAuth
[2026-03-16 16:52:03Z INFO CredentialManager] Creating credential type: OAuth
[2026-03-16 16:52:03Z INFO RSAEncryptedFileKeyManager] Loading RSA key parameters from file I:\TuminhAgi\actions-runner\.credentials_rsaparams
[2026-03-16 16:52:16Z INFO ProcessInvokerWrapper] STDOUT/STDERR stream read finished.
[2026-03-16 16:52:16Z INFO ProcessInvokerWrapper] STDOUT/STDERR stream read finished.
[2026-03-16 16:52:16Z INFO ProcessInvokerWrapper] Finished process 21624 with exit code 102, and elapsed time 00:00:13.2459948.
[2026-03-16 16:52:16Z INFO JobDispatcher] Worker finished for job a6b0416a-806b-522a-b14a-54332d764e76. Code: 102
[2026-03-16 16:52:16Z INFO JobDispatcher] finish job request for job a6b0416a-806b-522a-b14a-54332d764e76 with result: Failed
[2026-03-16 16:52:16Z INFO Terminal] WRITE LINE: 2026-03-16 16:52:16Z: Job Crawl swift completed with result: Failed
[2026-03-16 16:52:16Z INFO JobDispatcher] Stop renew job request for job a6b0416a-806b-522a-b14a-54332d764e76.
[2026-03-16 16:52:16Z INFO JobDispatcher] job renew has been cancelled, stop renew job a6b0416a-806b-522a-b14a-54332d764e76.
[2026-03-16 16:52:16Z INFO JobNotification] Entering JobCompleted Notification
[2026-03-16 16:52:16Z INFO JobNotification] Entering EndMonitor
[2026-03-16 16:52:16Z INFO MessageListener] Received job status event. JobState: Online
[2026-03-16 16:52:54Z INFO ConfigurationStore] HasCredentials()
[2026-03-16 16:52:54Z INFO ConfigurationStore] stored True
[2026-03-16 16:52:54Z INFO CredentialManager] GetCredentialProvider
[2026-03-16 16:52:54Z INFO CredentialManager] Creating type OAuth
[2026-03-16 16:52:54Z INFO CredentialManager] Creating credential type: OAuth
[2026-03-16 16:52:54Z INFO RSAEncryptedFileKeyManager] Loading RSA key parameters from file I:\TuminhAgi\actions-runner\.credentials_rsaparams
[2026-03-16 16:53:45Z INFO ConfigurationStore] HasCredentials()
[2026-03-16 16:53:45Z INFO ConfigurationStore] stored True
[2026-03-16 16:53:45Z INFO CredentialManager] GetCredentialProvider
[2026-03-16 16:53:45Z INFO CredentialManager] Creating type OAuth
[2026-03-16 16:53:45Z INFO CredentialManager] Creating credential type: OAuth
[2026-03-16 16:53:45Z INFO RSAEncryptedFileKeyManager] Loading RSA key parameters from file I:\TuminhAgi\actions-runner\.credentials_rsaparams
[2026-03-16 16:54:35Z INFO ConfigurationStore] HasCredentials()
[2026-03-16 16:54:35Z INFO ConfigurationStore] stored True
[2026-03-16 16:54:35Z INFO CredentialManager] GetCredentialProvider
[2026-03-16 16:54:35Z INFO CredentialManager] Creating type OAuth
[2026-03-16 16:54:35Z INFO CredentialManager] Creating credential type: OAuth
[2026-03-16 16:54:35Z INFO RSAEncryptedFileKeyManager] Loading RSA key parameters from file I:\TuminhAgi\actions-runner\.credentials_rsaparams
[2026-03-16 16:55:26Z INFO ConfigurationStore] HasCredentials()
[2026-03-16 16:55:26Z INFO ConfigurationStore] stored True
[2026-03-16 16:55:26Z INFO CredentialManager] GetCredentialProvider
[2026-03-16 16:55:26Z INFO CredentialManager] Creating type OAuth
[2026-03-16 16:55:26Z INFO CredentialManager] Creating credential type: OAuth
[2026-03-16 16:55:26Z INFO RSAEncryptedFileKeyManager] Loading RSA key parameters from file I:\TuminhAgi\actions-runner\.credentials_rsaparams
[2026-03-16 16:56:17Z INFO ConfigurationStore] HasCredentials()
[2026-03-16 16:56:17Z INFO ConfigurationStore] stored True
[2026-03-16 16:56:17Z INFO CredentialManager] GetCredentialProvider
[2026-03-16 16:56:17Z INFO CredentialManager] Creating type OAuth
[2026-03-16 16:56:17Z INFO CredentialManager] Creating credential type: OAuth
[2026-03-16 16:56:17Z INFO RSAEncryptedFileKeyManager] Loading RSA key parameters from file I:\TuminhAgi\actions-runner\.credentials_rsaparams
[2026-03-16 16:57:07Z INFO ConfigurationStore] HasCredentials()
[2026-03-16 16:57:07Z INFO ConfigurationStore] stored True
[2026-03-16 16:57:07Z INFO CredentialManager] GetCredentialProvider
[2026-03-16 16:57:07Z INFO CredentialManager] Creating type OAuth
[2026-03-16 16:57:07Z INFO CredentialManager] Creating credential type: OAuth
[2026-03-16 16:57:07Z INFO RSAEncryptedFileKeyManager] Loading RSA key parameters from file I:\TuminhAgi\actions-runner\.credentials_rsaparams
[2026-03-16 16:57:50Z INFO MessageListener] Message '3654320929711428930' received from session '17e05e9b-18e3-409e-8c9c-f9a22f74c895'.
[2026-03-16 16:57:50Z INFO MessageListener] Acknowledging runner request '01f4091f-20d9-59b0-83fa-5925cf1e07eb'.
[2026-03-16 16:57:50Z INFO ConfigurationStore] HasCredentials()
[2026-03-16 16:57:50Z INFO ConfigurationStore] stored True
[2026-03-16 16:57:50Z INFO CredentialManager] GetCredentialProvider
[2026-03-16 16:57:50Z INFO CredentialManager] Creating type OAuth
[2026-03-16 16:57:50Z INFO CredentialManager] Creating credential type: OAuth
[2026-03-16 16:57:50Z INFO RSAEncryptedFileKeyManager] Loading RSA key parameters from file I:\TuminhAgi\actions-runner\.credentials_rsaparams
[2026-03-16 16:57:50Z INFO RSAEncryptedFileKeyManager] Loading RSA key parameters from file I:\TuminhAgi\actions-runner\.credentials_rsaparams
[2026-03-16 16:57:50Z INFO RSAEncryptedFileKeyManager] Loading RSA key parameters from file I:\TuminhAgi\actions-runner\.credentials_rsaparams
[2026-03-16 16:57:51Z INFO GitHubActionsService] AAD Correlation ID for this token request: Unknown
[2026-03-16 16:57:53Z INFO JobDispatcher] Job request 0 for plan a06ed43d-b6cf-4503-8b1b-cbb16a213c9e job 01f4091f-20d9-59b0-83fa-5925cf1e07eb received.
[2026-03-16 16:57:53Z INFO JobDispatcher] Pull OrchestrationId a06ed43d-b6cf-4503-8b1b-cbb16a213c9e.crawl.__default from JWT claims
[2026-03-16 16:57:53Z INFO MessageListener] Received job status event. JobState: Busy
[2026-03-16 16:57:53Z INFO MessageListener] _getMessagesTokenSource is already disposed.
[2026-03-16 16:57:53Z INFO JobDispatcher] Job request a6b0416a-806b-522a-b14a-54332d764e76 processed succeed.
[2026-03-16 16:57:53Z INFO Terminal] WRITE LINE: 2026-03-16 16:57:53Z: Running job: Crawl swift
[2026-03-16 16:57:53Z INFO JobDispatcher] Start renew job request 0 for job 01f4091f-20d9-59b0-83fa-5925cf1e07eb.
[2026-03-16 16:57:54Z INFO JobDispatcher] Successfully renew job 01f4091f-20d9-59b0-83fa-5925cf1e07eb, job is valid till 3/16/2026 5:07:29 PM
[2026-03-16 16:57:54Z INFO HostContext] Well known directory 'Bin': 'I:\TuminhAgi\actions-runner\bin'
[2026-03-16 16:57:54Z INFO ProcessInvokerWrapper] Starting process:
[2026-03-16 16:57:54Z INFO ProcessInvokerWrapper]   File name: 'I:\TuminhAgi\actions-runner\bin\Runner.Worker.exe'
[2026-03-16 16:57:54Z INFO ProcessInvokerWrapper]   Arguments: 'spawnclient 2324 2356'
[2026-03-16 16:57:54Z INFO ProcessInvokerWrapper]   Working directory: 'I:\TuminhAgi\actions-runner\bin'
[2026-03-16 16:57:54Z INFO ProcessInvokerWrapper]   Require exit code zero: 'False'
[2026-03-16 16:57:54Z INFO ProcessInvokerWrapper]   Encoding web name:  ; code page: ''
[2026-03-16 16:57:54Z INFO ProcessInvokerWrapper]   Force kill process on cancellation: 'True'
[2026-03-16 16:57:54Z INFO ProcessInvokerWrapper]   Redirected STDIN: 'False'
[2026-03-16 16:57:54Z INFO ProcessInvokerWrapper]   Persist current code page: 'False'
[2026-03-16 16:57:54Z INFO ProcessInvokerWrapper]   Keep redirected STDIN open: 'False'
[2026-03-16 16:57:54Z INFO ProcessInvokerWrapper]   High priority process: 'True'
[2026-03-16 16:57:54Z INFO ProcessInvokerWrapper] Process started with process id 26856, waiting for process exit.
[2026-03-16 16:57:54Z INFO JobDispatcher] Send job request message to worker for job 01f4091f-20d9-59b0-83fa-5925cf1e07eb.
[2026-03-16 16:57:54Z INFO ProcessChannel] Sending message of length 19474, with hash '264ea75ff3973efb7fc75be7a5e5be5ece2ec6d62b12fe1c48223298c6da515e'
[2026-03-16 16:57:54Z INFO JobNotification] Entering JobStarted Notification
[2026-03-16 16:57:54Z INFO JobNotification] Entering StartMonitor
[2026-03-16 16:57:55Z INFO ConfigurationStore] HasCredentials()
[2026-03-16 16:57:55Z INFO ConfigurationStore] stored True
[2026-03-16 16:57:55Z INFO CredentialManager] GetCredentialProvider
[2026-03-16 16:57:55Z INFO CredentialManager] Creating type OAuth
[2026-03-16 16:57:55Z INFO CredentialManager] Creating credential type: OAuth
[2026-03-16 16:57:55Z INFO RSAEncryptedFileKeyManager] Loading RSA key parameters from file I:\TuminhAgi\actions-runner\.credentials_rsaparams
[2026-03-16 16:58:08Z INFO ProcessInvokerWrapper] STDOUT/STDERR stream read finished.
[2026-03-16 16:58:08Z INFO ProcessInvokerWrapper] STDOUT/STDERR stream read finished.
[2026-03-16 16:58:08Z INFO ProcessInvokerWrapper] Finished process 26856 with exit code 102, and elapsed time 00:00:13.8001222.
[2026-03-16 16:58:08Z INFO JobDispatcher] Worker finished for job 01f4091f-20d9-59b0-83fa-5925cf1e07eb. Code: 102
[2026-03-16 16:58:08Z INFO JobDispatcher] finish job request for job 01f4091f-20d9-59b0-83fa-5925cf1e07eb with result: Failed
[2026-03-16 16:58:08Z INFO Terminal] WRITE LINE: 2026-03-16 16:58:08Z: Job Crawl swift completed with result: Failed
[2026-03-16 16:58:08Z INFO JobDispatcher] Stop renew job request for job 01f4091f-20d9-59b0-83fa-5925cf1e07eb.
[2026-03-16 16:58:08Z INFO JobDispatcher] job renew has been cancelled, stop renew job 01f4091f-20d9-59b0-83fa-5925cf1e07eb.
[2026-03-16 16:58:08Z INFO JobNotification] Entering JobCompleted Notification
[2026-03-16 16:58:08Z INFO JobNotification] Entering EndMonitor
[2026-03-16 16:58:08Z INFO MessageListener] Received job status event. JobState: Online
[2026-03-16 16:58:45Z INFO ConfigurationStore] HasCredentials()
[2026-03-16 16:58:45Z INFO ConfigurationStore] stored True
[2026-03-16 16:58:45Z INFO CredentialManager] GetCredentialProvider
[2026-03-16 16:58:45Z INFO CredentialManager] Creating type OAuth
[2026-03-16 16:58:45Z INFO CredentialManager] Creating credential type: OAuth
[2026-03-16 16:58:45Z INFO RSAEncryptedFileKeyManager] Loading RSA key parameters from file I:\TuminhAgi\actions-runner\.credentials_rsaparams
[2026-03-16 16:59:36Z INFO ConfigurationStore] HasCredentials()
[2026-03-16 16:59:36Z INFO ConfigurationStore] stored True
[2026-03-16 16:59:36Z INFO CredentialManager] GetCredentialProvider
[2026-03-16 16:59:36Z INFO CredentialManager] Creating type OAuth
[2026-03-16 16:59:36Z INFO CredentialManager] Creating credential type: OAuth
[2026-03-16 16:59:36Z INFO RSAEncryptedFileKeyManager] Loading RSA key parameters from file I:\TuminhAgi\actions-runner\.credentials_rsaparams
[2026-03-16 17:00:26Z INFO ConfigurationStore] HasCredentials()
[2026-03-16 17:00:26Z INFO ConfigurationStore] stored True
[2026-03-16 17:00:26Z INFO CredentialManager] GetCredentialProvider
[2026-03-16 17:00:26Z INFO CredentialManager] Creating type OAuth
[2026-03-16 17:00:26Z INFO CredentialManager] Creating credential type: OAuth
[2026-03-16 17:00:26Z INFO RSAEncryptedFileKeyManager] Loading RSA key parameters from file I:\TuminhAgi\actions-runner\.credentials_rsaparams
[2026-03-16 17:01:17Z INFO ConfigurationStore] HasCredentials()
[2026-03-16 17:01:17Z INFO ConfigurationStore] stored True
[2026-03-16 17:01:17Z INFO CredentialManager] GetCredentialProvider
[2026-03-16 17:01:17Z INFO CredentialManager] Creating type OAuth
[2026-03-16 17:01:17Z INFO CredentialManager] Creating credential type: OAuth
[2026-03-16 17:01:17Z INFO RSAEncryptedFileKeyManager] Loading RSA key parameters from file I:\TuminhAgi\actions-runner\.credentials_rsaparams
[2026-03-16 17:02:08Z INFO ConfigurationStore] HasCredentials()
[2026-03-16 17:02:08Z INFO ConfigurationStore] stored True
[2026-03-16 17:02:08Z INFO CredentialManager] GetCredentialProvider
[2026-03-16 17:02:08Z INFO CredentialManager] Creating type OAuth
[2026-03-16 17:02:08Z INFO CredentialManager] Creating credential type: OAuth
[2026-03-16 17:02:08Z INFO RSAEncryptedFileKeyManager] Loading RSA key parameters from file I:\TuminhAgi\actions-runner\.credentials_rsaparams
[2026-03-16 17:02:58Z INFO ConfigurationStore] HasCredentials()
[2026-03-16 17:02:58Z INFO ConfigurationStore] stored True
[2026-03-16 17:02:58Z INFO CredentialManager] GetCredentialProvider
[2026-03-16 17:02:58Z INFO CredentialManager] Creating type OAuth
[2026-03-16 17:02:58Z INFO CredentialManager] Creating credential type: OAuth
[2026-03-16 17:02:58Z INFO RSAEncryptedFileKeyManager] Loading RSA key parameters from file I:\TuminhAgi\actions-runner\.credentials_rsaparams
[2026-03-16 17:03:49Z INFO ConfigurationStore] HasCredentials()
[2026-03-16 17:03:49Z INFO ConfigurationStore] stored True
[2026-03-16 17:03:49Z INFO CredentialManager] GetCredentialProvider
[2026-03-16 17:03:49Z INFO CredentialManager] Creating type OAuth
[2026-03-16 17:03:49Z INFO CredentialManager] Creating credential type: OAuth
[2026-03-16 17:03:49Z INFO RSAEncryptedFileKeyManager] Loading RSA key parameters from file I:\TuminhAgi\actions-runner\.credentials_rsaparams
[2026-03-16 17:04:39Z INFO ConfigurationStore] HasCredentials()
[2026-03-16 17:04:39Z INFO ConfigurationStore] stored True
[2026-03-16 17:04:39Z INFO CredentialManager] GetCredentialProvider
[2026-03-16 17:04:39Z INFO CredentialManager] Creating type OAuth
[2026-03-16 17:04:39Z INFO CredentialManager] Creating credential type: OAuth
[2026-03-16 17:04:39Z INFO RSAEncryptedFileKeyManager] Loading RSA key parameters from file I:\TuminhAgi\actions-runner\.credentials_rsaparams
[2026-03-16 17:05:30Z INFO ConfigurationStore] HasCredentials()
[2026-03-16 17:05:30Z INFO ConfigurationStore] stored True
[2026-03-16 17:05:30Z INFO CredentialManager] GetCredentialProvider
[2026-03-16 17:05:30Z INFO CredentialManager] Creating type OAuth
[2026-03-16 17:05:30Z INFO CredentialManager] Creating credential type: OAuth
[2026-03-16 17:05:30Z INFO RSAEncryptedFileKeyManager] Loading RSA key parameters from file I:\TuminhAgi\actions-runner\.credentials_rsaparams
[2026-03-16 17:06:20Z INFO ConfigurationStore] HasCredentials()
[2026-03-16 17:06:20Z INFO ConfigurationStore] stored True
[2026-03-16 17:06:20Z INFO CredentialManager] GetCredentialProvider
[2026-03-16 17:06:20Z INFO CredentialManager] Creating type OAuth
[2026-03-16 17:06:20Z INFO CredentialManager] Creating credential type: OAuth
[2026-03-16 17:06:20Z INFO RSAEncryptedFileKeyManager] Loading RSA key parameters from file I:\TuminhAgi\actions-runner\.credentials_rsaparams
[2026-03-16 17:07:11Z INFO ConfigurationStore] HasCredentials()
[2026-03-16 17:07:11Z INFO ConfigurationStore] stored True
[2026-03-16 17:07:11Z INFO CredentialManager] GetCredentialProvider
[2026-03-16 17:07:11Z INFO CredentialManager] Creating type OAuth
[2026-03-16 17:07:11Z INFO CredentialManager] Creating credential type: OAuth
[2026-03-16 17:07:11Z INFO RSAEncryptedFileKeyManager] Loading RSA key parameters from file I:\TuminhAgi\actions-runner\.credentials_rsaparams
[2026-03-16 17:08:02Z INFO ConfigurationStore] HasCredentials()
[2026-03-16 17:08:02Z INFO ConfigurationStore] stored True
[2026-03-16 17:08:02Z INFO CredentialManager] GetCredentialProvider
[2026-03-16 17:08:02Z INFO CredentialManager] Creating type OAuth
[2026-03-16 17:08:02Z INFO CredentialManager] Creating credential type: OAuth
[2026-03-16 17:08:02Z INFO RSAEncryptedFileKeyManager] Loading RSA key parameters from file I:\TuminhAgi\actions-runner\.credentials_rsaparams
[2026-03-16 17:08:52Z INFO ConfigurationStore] HasCredentials()
[2026-03-16 17:08:52Z INFO ConfigurationStore] stored True
[2026-03-16 17:08:52Z INFO CredentialManager] GetCredentialProvider
[2026-03-16 17:08:52Z INFO CredentialManager] Creating type OAuth
[2026-03-16 17:08:52Z INFO CredentialManager] Creating credential type: OAuth
[2026-03-16 17:08:52Z INFO RSAEncryptedFileKeyManager] Loading RSA key parameters from file I:\TuminhAgi\actions-runner\.credentials_rsaparams
[2026-03-16 17:09:43Z INFO ConfigurationStore] HasCredentials()
[2026-03-16 17:09:43Z INFO ConfigurationStore] stored True
[2026-03-16 17:09:43Z INFO CredentialManager] GetCredentialProvider
[2026-03-16 17:09:43Z INFO CredentialManager] Creating type OAuth
[2026-03-16 17:09:43Z INFO CredentialManager] Creating credential type: OAuth
[2026-03-16 17:09:43Z INFO RSAEncryptedFileKeyManager] Loading RSA key parameters from file I:\TuminhAgi\actions-runner\.credentials_rsaparams
[2026-03-16 17:10:33Z INFO ConfigurationStore] HasCredentials()
[2026-03-16 17:10:33Z INFO ConfigurationStore] stored True
[2026-03-16 17:10:33Z INFO CredentialManager] GetCredentialProvider
[2026-03-16 17:10:33Z INFO CredentialManager] Creating type OAuth
[2026-03-16 17:10:33Z INFO CredentialManager] Creating credential type: OAuth
[2026-03-16 17:10:33Z INFO RSAEncryptedFileKeyManager] Loading RSA key parameters from file I:\TuminhAgi\actions-runner\.credentials_rsaparams
[2026-03-16 17:11:24Z INFO ConfigurationStore] HasCredentials()
[2026-03-16 17:11:24Z INFO ConfigurationStore] stored True
[2026-03-16 17:11:24Z INFO CredentialManager] GetCredentialProvider
[2026-03-16 17:11:24Z INFO CredentialManager] Creating type OAuth
[2026-03-16 17:11:24Z INFO CredentialManager] Creating credential type: OAuth
[2026-03-16 17:11:24Z INFO RSAEncryptedFileKeyManager] Loading RSA key parameters from file I:\TuminhAgi\actions-runner\.credentials_rsaparams
[2026-03-16 17:12:15Z INFO ConfigurationStore] HasCredentials()
[2026-03-16 17:12:15Z INFO ConfigurationStore] stored True
[2026-03-16 17:12:15Z INFO CredentialManager] GetCredentialProvider
[2026-03-16 17:12:15Z INFO CredentialManager] Creating type OAuth
[2026-03-16 17:12:15Z INFO CredentialManager] Creating credential type: OAuth
[2026-03-16 17:12:15Z INFO RSAEncryptedFileKeyManager] Loading RSA key parameters from file I:\TuminhAgi\actions-runner\.credentials_rsaparams
[2026-03-16 17:13:05Z INFO ConfigurationStore] HasCredentials()
[2026-03-16 17:13:05Z INFO ConfigurationStore] stored True
[2026-03-16 17:13:05Z INFO CredentialManager] GetCredentialProvider
[2026-03-16 17:13:05Z INFO CredentialManager] Creating type OAuth
[2026-03-16 17:13:05Z INFO CredentialManager] Creating credential type: OAuth
[2026-03-16 17:13:05Z INFO RSAEncryptedFileKeyManager] Loading RSA key parameters from file I:\TuminhAgi\actions-runner\.credentials_rsaparams
[2026-03-16 17:13:56Z INFO ConfigurationStore] HasCredentials()
[2026-03-16 17:13:56Z INFO ConfigurationStore] stored True
[2026-03-16 17:13:56Z INFO CredentialManager] GetCredentialProvider
[2026-03-16 17:13:56Z INFO CredentialManager] Creating type OAuth
[2026-03-16 17:13:56Z INFO CredentialManager] Creating credential type: OAuth
[2026-03-16 17:13:56Z INFO RSAEncryptedFileKeyManager] Loading RSA key parameters from file I:\TuminhAgi\actions-runner\.credentials_rsaparams
[2026-03-16 17:14:37Z INFO HostContext] Runner will be shutdown for UserCancelled
[2026-03-16 17:14:37Z WARN GitHubActionsService] GET request to https://broker.actions.githubusercontent.com/message?sessionId=17e05e9b-18e3-409e-8c9c-f9a22f74c895&status=Online&runnerVersion=2.332.0&os=Windows&architecture=X64&disableUpdate=false has been cancelled.
[2026-03-16 17:14:37Z ERR  BrokerServer] Catch exception during request
[2026-03-16 17:14:37Z ERR  BrokerServer] System.Threading.Tasks.TaskCanceledException: The operation was canceled.
 ---> System.Threading.Tasks.TaskCanceledException: The operation was canceled.
 ---> System.IO.IOException: Unable to read data from the transport connection: The I/O operation has been aborted because of either a thread exit or an application request..
 ---> System.Net.Sockets.SocketException (995): The I/O operation has been aborted because of either a thread exit or an application request.
   --- End of inner exception stack trace ---
   at System.Net.Sockets.Socket.AwaitableSocketAsyncEventArgs.System.Threading.Tasks.Sources.IValueTaskSource<System.Int32>.GetResult(Int16 token)
   at System.Net.Security.SslStream.EnsureFullTlsFrameAsync[TIOAdapter](CancellationToken cancellationToken, Int32 estimatedSize)
   at System.Runtime.CompilerServices.PoolingAsyncValueTaskMethodBuilder`1.StateMachineBox`1.System.Threading.Tasks.Sources.IValueTaskSource<TResult>.GetResult(Int16 token)
   at System.Net.Security.SslStream.ReadAsyncInternal[TIOAdapter](Memory`1 buffer, CancellationToken cancellationToken)
   at System.Runtime.CompilerServices.PoolingAsyncValueTaskMethodBuilder`1.StateMachineBox`1.System.Threading.Tasks.Sources.IValueTaskSource<TResult>.GetResult(Int16 token)
   at System.Net.Http.HttpConnection.SendAsync(HttpRequestMessage request, Boolean async, CancellationToken cancellationToken)
   --- End of inner exception stack trace ---
   at System.Net.Http.HttpConnection.SendAsync(HttpRequestMessage request, Boolean async, CancellationToken cancellationToken)
   at System.Net.Http.AuthenticationHelper.SendWithNtAuthAsync(HttpRequestMessage request, Uri authUri, Boolean async, ICredentials credentials, Boolean isProxyAuth, HttpConnection connection, HttpConnectionPool connectionPool, CancellationToken cancellationToken)
   at System.Net.Http.HttpConnectionPool.SendWithVersionDetectionAndRetryAsync(HttpRequestMessage request, Boolean async, Boolean doRequestAuth, CancellationToken cancellationToken)
   at System.Net.Http.AuthenticationHelper.SendWithAuthAsync(HttpRequestMessage request, Uri authUri, Boolean async, ICredentials credentials, Boolean preAuthenticate, Boolean isProxyAuth, Boolean doRequestAuth, HttpConnectionPool pool, CancellationToken cancellationToken)
   at System.Net.Http.RedirectHandler.SendAsync(HttpRequestMessage request, Boolean async, CancellationToken cancellationToken)
   at GitHub.Services.Common.RawHttpMessageHandler.SendAsync(HttpRequestMessage request, CancellationToken cancellationToken)
   at GitHub.Services.Common.VssHttpRetryMessageHandler.SendAsync(HttpRequestMessage request, CancellationToken cancellationToken)
   at System.Net.Http.HttpClient.<SendAsync>g__Core|83_0(HttpRequestMessage request, HttpCompletionOption completionOption, CancellationTokenSource cts, Boolean disposeCts, CancellationTokenSource pendingRequestsCts, CancellationToken originalCancellationToken)
   --- End of inner exception stack trace ---
   at System.Net.Http.HttpClient.HandleFailure(Exception e, Boolean telemetryStarted, HttpResponseMessage response, CancellationTokenSource cts, CancellationToken cancellationToken, CancellationTokenSource pendingRequestsCts)
   at System.Net.Http.HttpClient.<SendAsync>g__Core|83_0(HttpRequestMessage request, HttpCompletionOption completionOption, CancellationTokenSource cts, Boolean disposeCts, CancellationTokenSource pendingRequestsCts, CancellationToken originalCancellationToken)
   at Sdk.WebApi.WebApi.RawHttpClientBase.SendAsync(HttpRequestMessage message, HttpCompletionOption completionOption, Object userState, CancellationToken cancellationToken)
   at Sdk.WebApi.WebApi.RawHttpClientBase.SendAsync[T](HttpRequestMessage message, Boolean readErrorBody, Object userState, CancellationToken cancellationToken)
   at Sdk.WebApi.WebApi.RawHttpClientBase.SendAsync[T](HttpMethod method, IEnumerable`1 additionalHeaders, Uri requestUri, HttpContent content, IEnumerable`1 queryParameters, Boolean readErrorBody, Object userState, CancellationToken cancellationToken)
   at GitHub.Actions.RunService.WebApi.BrokerHttpClient.GetRunnerMessageAsync(Nullable`1 sessionId, String runnerVersion, Nullable`1 status, String os, String architecture, Nullable`1 disableUpdate, CancellationToken cancellationToken)
   at GitHub.Runner.Common.BrokerServer.<>c__DisplayClass7_0.<<GetRunnerMessageAsync>b__0>d.MoveNext()
--- End of stack trace from previous location ---
   at GitHub.Runner.Common.RunnerService.RetryRequest[T](Func`1 func, CancellationToken cancellationToken, Int32 maxAttempts, Func`2 shouldRetry)
[2026-03-16 17:14:37Z ERR  BrokerServer] #####################################################
[2026-03-16 17:14:37Z ERR  BrokerServer] System.Threading.Tasks.TaskCanceledException: The operation was canceled.
 ---> System.IO.IOException: Unable to read data from the transport connection: The I/O operation has been aborted because of either a thread exit or an application request..
 ---> System.Net.Sockets.SocketException (995): The I/O operation has been aborted because of either a thread exit or an application request.
   --- End of inner exception stack trace ---
   at System.Net.Sockets.Socket.AwaitableSocketAsyncEventArgs.System.Threading.Tasks.Sources.IValueTaskSource<System.Int32>.GetResult(Int16 token)
   at System.Net.Security.SslStream.EnsureFullTlsFrameAsync[TIOAdapter](CancellationToken cancellationToken, Int32 estimatedSize)
   at System.Runtime.CompilerServices.PoolingAsyncValueTaskMethodBuilder`1.StateMachineBox`1.System.Threading.Tasks.Sources.IValueTaskSource<TResult>.GetResult(Int16 token)
   at System.Net.Security.SslStream.ReadAsyncInternal[TIOAdapter](Memory`1 buffer, CancellationToken cancellationToken)
   at System.Runtime.CompilerServices.PoolingAsyncValueTaskMethodBuilder`1.StateMachineBox`1.System.Threading.Tasks.Sources.IValueTaskSource<TResult>.GetResult(Int16 token)
   at System.Net.Http.HttpConnection.SendAsync(HttpRequestMessage request, Boolean async, CancellationToken cancellationToken)
   --- End of inner exception stack trace ---
   at System.Net.Http.HttpConnection.SendAsync(HttpRequestMessage request, Boolean async, CancellationToken cancellationToken)
   at System.Net.Http.AuthenticationHelper.SendWithNtAuthAsync(HttpRequestMessage request, Uri authUri, Boolean async, ICredentials credentials, Boolean isProxyAuth, HttpConnection connection, HttpConnectionPool connectionPool, CancellationToken cancellationToken)
   at System.Net.Http.HttpConnectionPool.SendWithVersionDetectionAndRetryAsync(HttpRequestMessage request, Boolean async, Boolean doRequestAuth, CancellationToken cancellationToken)
   at System.Net.Http.AuthenticationHelper.SendWithAuthAsync(HttpRequestMessage request, Uri authUri, Boolean async, ICredentials credentials, Boolean preAuthenticate, Boolean isProxyAuth, Boolean doRequestAuth, HttpConnectionPool pool, CancellationToken cancellationToken)
   at System.Net.Http.RedirectHandler.SendAsync(HttpRequestMessage request, Boolean async, CancellationToken cancellationToken)
   at GitHub.Services.Common.RawHttpMessageHandler.SendAsync(HttpRequestMessage request, CancellationToken cancellationToken)
   at GitHub.Services.Common.VssHttpRetryMessageHandler.SendAsync(HttpRequestMessage request, CancellationToken cancellationToken)
   at System.Net.Http.HttpClient.<SendAsync>g__Core|83_0(HttpRequestMessage request, HttpCompletionOption completionOption, CancellationTokenSource cts, Boolean disposeCts, CancellationTokenSource pendingRequestsCts, CancellationToken originalCancellationToken)
[2026-03-16 17:14:37Z ERR  BrokerServer] #####################################################
[2026-03-16 17:14:37Z ERR  BrokerServer] System.IO.IOException: Unable to read data from the transport connection: The I/O operation has been aborted because of either a thread exit or an application request..
 ---> System.Net.Sockets.SocketException (995): The I/O operation has been aborted because of either a thread exit or an application request.
   --- End of inner exception stack trace ---
   at System.Net.Sockets.Socket.AwaitableSocketAsyncEventArgs.System.Threading.Tasks.Sources.IValueTaskSource<System.Int32>.GetResult(Int16 token)
   at System.Net.Security.SslStream.EnsureFullTlsFrameAsync[TIOAdapter](CancellationToken cancellationToken, Int32 estimatedSize)
   at System.Runtime.CompilerServices.PoolingAsyncValueTaskMethodBuilder`1.StateMachineBox`1.System.Threading.Tasks.Sources.IValueTaskSource<TResult>.GetResult(Int16 token)
   at System.Net.Security.SslStream.ReadAsyncInternal[TIOAdapter](Memory`1 buffer, CancellationToken cancellationToken)
   at System.Runtime.CompilerServices.PoolingAsyncValueTaskMethodBuilder`1.StateMachineBox`1.System.Threading.Tasks.Sources.IValueTaskSource<TResult>.GetResult(Int16 token)
   at System.Net.Http.HttpConnection.SendAsync(HttpRequestMessage request, Boolean async, CancellationToken cancellationToken)
[2026-03-16 17:14:37Z ERR  BrokerServer] #####################################################
[2026-03-16 17:14:37Z ERR  BrokerServer] System.Net.Sockets.SocketException (995): The I/O operation has been aborted because of either a thread exit or an application request.
[2026-03-16 17:14:37Z WARN BrokerServer] Back off 13.248 seconds before next retry. 4 attempt left.
[2026-03-16 17:14:37Z INFO MessageListener] Get next message has been cancelled.
[2026-03-16 17:14:37Z INFO JobDispatcher] Shutting down JobDispatcher. Make sure all WorkerDispatcher has finished.
[2026-03-16 17:14:37Z INFO JobDispatcher] Ensure WorkerDispatcher for job 01f4091f-20d9-59b0-83fa-5925cf1e07eb run to finish, cancel any running job.
[2026-03-16 17:14:37Z INFO JobDispatcher] Job request 01f4091f-20d9-59b0-83fa-5925cf1e07eb processed succeed.
[2026-03-16 17:14:37Z INFO Runner] Deleting Runner Session...
[2026-03-16 17:14:37Z INFO Listener] Runner execution been cancelled.
